{"C:\\Users\\Whisnu B\\Documents\\PROJECT\\Final-project-hope\\Final-Project\\server\\app\\app.js": {"path":"C:\\Users\\Whisnu B\\Documents\\PROJECT\\Final-project-hope\\Final-Project\\server\\app\\app.js","statementMap":{"0":{"start":{"line":1,"column":0},"end":{"line":1,"column":27}},"1":{"start":{"line":3,"column":16},"end":{"line":3,"column":34}},"2":{"start":{"line":4,"column":12},"end":{"line":4,"column":21}},"3":{"start":{"line":5,"column":13},"end":{"line":5,"column":28}},"4":{"start":{"line":8,"column":0},"end":{"line":8,"column":16}},"5":{"start":{"line":9,"column":0},"end":{"line":9,"column":24}},"6":{"start":{"line":10,"column":0},"end":{"line":10,"column":48}},"7":{"start":{"line":13,"column":14},"end":{"line":13,"column":33}},"8":{"start":{"line":14,"column":0},"end":{"line":14,"column":15}},"9":{"start":{"line":17,"column":21},"end":{"line":17,"column":58}},"10":{"start":{"line":18,"column":0},"end":{"line":18,"column":22}},"11":{"start":{"line":20,"column":0},"end":{"line":20,"column":21}}},"fnMap":{},"branchMap":{},"s":{"0":6,"1":6,"2":6,"3":6,"4":6,"5":6,"6":6,"7":6,"8":6,"9":6,"10":6,"11":6},"f":{},"b":{},"_coverageSchema":"1a1c01bbd47fc00a2c39e90264f33305004495a9","hash":"0505737fd42b44da6801f491dd9cc49c7f987d7e"}
,"C:\\Users\\Whisnu B\\Documents\\PROJECT\\Final-project-hope\\Final-Project\\server\\app\\controllers\\LogController.js": {"path":"C:\\Users\\Whisnu B\\Documents\\PROJECT\\Final-project-hope\\Final-Project\\server\\app\\controllers\\LogController.js","statementMap":{"0":{"start":{"line":1,"column":29},"end":{"line":1,"column":55}},"1":{"start":{"line":2,"column":14},"end":{"line":2,"column":30}},"2":{"start":{"line":6,"column":4},"end":{"line":44,"column":5}},"3":{"start":{"line":7,"column":33},"end":{"line":7,"column":41}},"4":{"start":{"line":8,"column":29},"end":{"line":8,"column":37}},"5":{"start":{"line":9,"column":22},"end":{"line":9,"column":66}},"6":{"start":{"line":10,"column":18},"end":{"line":10,"column":28}},"7":{"start":{"line":11,"column":16},"end":{"line":11,"column":69}},"8":{"start":{"line":12,"column":6},"end":{"line":12,"column":60}},"9":{"start":{"line":14,"column":30},"end":{"line":23,"column":8}},"10":{"start":{"line":24,"column":6},"end":{"line":24,"column":50}},"11":{"start":{"line":25,"column":28},"end":{"line":31,"column":8}},"12":{"start":{"line":32,"column":6},"end":{"line":32,"column":49}},"13":{"start":{"line":33,"column":18},"end":{"line":40,"column":8}},"14":{"start":{"line":41,"column":6},"end":{"line":41,"column":32}},"15":{"start":{"line":43,"column":6},"end":{"line":43,"column":18}},"16":{"start":{"line":48,"column":4},"end":{"line":60,"column":5}},"17":{"start":{"line":49,"column":29},"end":{"line":49,"column":37}},"18":{"start":{"line":51,"column":22},"end":{"line":55,"column":8}},"19":{"start":{"line":56,"column":6},"end":{"line":56,"column":35}},"20":{"start":{"line":57,"column":6},"end":{"line":57,"column":36}},"21":{"start":{"line":59,"column":6},"end":{"line":59,"column":18}},"22":{"start":{"line":64,"column":0},"end":{"line":64,"column":31}}},"fnMap":{"0":{"name":"(anonymous_0)","decl":{"start":{"line":5,"column":2},"end":{"line":5,"column":3}},"loc":{"start":{"line":5,"column":39},"end":{"line":45,"column":3}},"line":5},"1":{"name":"(anonymous_1)","decl":{"start":{"line":47,"column":2},"end":{"line":47,"column":3}},"loc":{"start":{"line":47,"column":38},"end":{"line":61,"column":3}},"line":47}},"branchMap":{},"s":{"0":6,"1":6,"2":2,"3":2,"4":2,"5":2,"6":2,"7":2,"8":2,"9":2,"10":1,"11":1,"12":1,"13":1,"14":1,"15":1,"16":2,"17":2,"18":2,"19":1,"20":1,"21":1,"22":6},"f":{"0":2,"1":2},"b":{},"_coverageSchema":"1a1c01bbd47fc00a2c39e90264f33305004495a9","hash":"f39c4acd18f406e88ccd3e8f67184d705f73a991"}
,"C:\\Users\\Whisnu B\\Documents\\PROJECT\\Final-project-hope\\Final-Project\\server\\app\\controllers\\UserContentsController.js": {"path":"C:\\Users\\Whisnu B\\Documents\\PROJECT\\Final-project-hope\\Final-Project\\server\\app\\controllers\\UserContentsController.js","statementMap":{"0":{"start":{"line":1,"column":57},"end":{"line":1,"column":77}},"1":{"start":{"line":5,"column":4},"end":{"line":30,"column":5}},"2":{"start":{"line":7,"column":29},"end":{"line":7,"column":37}},"3":{"start":{"line":8,"column":64},"end":{"line":8,"column":72}},"4":{"start":{"line":10,"column":30},"end":{"line":14,"column":8}},"5":{"start":{"line":16,"column":6},"end":{"line":27,"column":7}},"6":{"start":{"line":16,"column":39},"end":{"line":16,"column":64}},"7":{"start":{"line":17,"column":8},"end":{"line":17,"column":72}},"8":{"start":{"line":19,"column":28},"end":{"line":24,"column":10}},"9":{"start":{"line":26,"column":8},"end":{"line":26,"column":42}},"10":{"start":{"line":29,"column":6},"end":{"line":29,"column":18}},"11":{"start":{"line":34,"column":4},"end":{"line":58,"column":5}},"12":{"start":{"line":35,"column":26},"end":{"line":53,"column":8}},"13":{"start":{"line":55,"column":6},"end":{"line":55,"column":40}},"14":{"start":{"line":57,"column":6},"end":{"line":57,"column":18}},"15":{"start":{"line":62,"column":4},"end":{"line":104,"column":5}},"16":{"start":{"line":63,"column":21},"end":{"line":63,"column":31}},"17":{"start":{"line":64,"column":29},"end":{"line":64,"column":37}},"18":{"start":{"line":65,"column":32},"end":{"line":94,"column":7}},"19":{"start":{"line":101,"column":6},"end":{"line":101,"column":46}},"20":{"start":{"line":103,"column":6},"end":{"line":103,"column":18}},"21":{"start":{"line":108,"column":4},"end":{"line":246,"column":5}},"22":{"start":{"line":109,"column":32},"end":{"line":109,"column":42}},"23":{"start":{"line":110,"column":29},"end":{"line":110,"column":37}},"24":{"start":{"line":112,"column":26},"end":{"line":116,"column":8}},"25":{"start":{"line":118,"column":6},"end":{"line":118,"column":60}},"26":{"start":{"line":118,"column":24},"end":{"line":118,"column":60}},"27":{"start":{"line":120,"column":24},"end":{"line":124,"column":8}},"28":{"start":{"line":128,"column":22},"end":{"line":128,"column":39}},"29":{"start":{"line":129,"column":22},"end":{"line":133,"column":8}},"30":{"start":{"line":134,"column":28},"end":{"line":134,"column":58}},"31":{"start":{"line":139,"column":6},"end":{"line":241,"column":7}},"32":{"start":{"line":141,"column":8},"end":{"line":151,"column":10}},"33":{"start":{"line":152,"column":8},"end":{"line":152,"column":19}},"34":{"start":{"line":153,"column":8},"end":{"line":153,"column":70}},"35":{"start":{"line":156,"column":8},"end":{"line":166,"column":10}},"36":{"start":{"line":169,"column":26},"end":{"line":173,"column":10}},"37":{"start":{"line":176,"column":23},"end":{"line":180,"column":10}},"38":{"start":{"line":182,"column":8},"end":{"line":240,"column":9}},"39":{"start":{"line":183,"column":10},"end":{"line":183,"column":21}},"40":{"start":{"line":184,"column":10},"end":{"line":184,"column":57}},"41":{"start":{"line":186,"column":10},"end":{"line":239,"column":11}},"42":{"start":{"line":188,"column":28},"end":{"line":198,"column":13}},"43":{"start":{"line":201,"column":12},"end":{"line":209,"column":15}},"44":{"start":{"line":211,"column":12},"end":{"line":211,"column":23}},"45":{"start":{"line":212,"column":12},"end":{"line":212,"column":74}},"46":{"start":{"line":214,"column":12},"end":{"line":223,"column":14}},"47":{"start":{"line":226,"column":12},"end":{"line":226,"column":41}},"48":{"start":{"line":227,"column":12},"end":{"line":235,"column":15}},"49":{"start":{"line":237,"column":12},"end":{"line":237,"column":23}},"50":{"start":{"line":238,"column":12},"end":{"line":238,"column":76}},"51":{"start":{"line":243,"column":6},"end":{"line":243,"column":41}},"52":{"start":{"line":245,"column":6},"end":{"line":245,"column":18}},"53":{"start":{"line":250,"column":4},"end":{"line":293,"column":5}},"54":{"start":{"line":251,"column":29},"end":{"line":251,"column":37}},"55":{"start":{"line":252,"column":32},"end":{"line":252,"column":42}},"56":{"start":{"line":254,"column":30},"end":{"line":259,"column":8}},"57":{"start":{"line":261,"column":6},"end":{"line":261,"column":64}},"58":{"start":{"line":261,"column":28},"end":{"line":261,"column":64}},"59":{"start":{"line":263,"column":6},"end":{"line":263,"column":65}},"60":{"start":{"line":264,"column":6},"end":{"line":290,"column":7}},"61":{"start":{"line":265,"column":28},"end":{"line":275,"column":9}},"62":{"start":{"line":276,"column":8},"end":{"line":276,"column":67}},"63":{"start":{"line":278,"column":28},"end":{"line":288,"column":9}},"64":{"start":{"line":289,"column":8},"end":{"line":289,"column":67}},"65":{"start":{"line":292,"column":6},"end":{"line":292,"column":16}},"66":{"start":{"line":297,"column":0},"end":{"line":297,"column":40}}},"fnMap":{"0":{"name":"(anonymous_0)","decl":{"start":{"line":4,"column":2},"end":{"line":4,"column":3}},"loc":{"start":{"line":4,"column":47},"end":{"line":31,"column":3}},"line":4},"1":{"name":"(anonymous_1)","decl":{"start":{"line":16,"column":31},"end":{"line":16,"column":32}},"loc":{"start":{"line":16,"column":39},"end":{"line":16,"column":64}},"line":16},"2":{"name":"(anonymous_2)","decl":{"start":{"line":33,"column":2},"end":{"line":33,"column":3}},"loc":{"start":{"line":33,"column":46},"end":{"line":59,"column":3}},"line":33},"3":{"name":"(anonymous_3)","decl":{"start":{"line":61,"column":2},"end":{"line":61,"column":3}},"loc":{"start":{"line":61,"column":52},"end":{"line":105,"column":3}},"line":61},"4":{"name":"(anonymous_4)","decl":{"start":{"line":107,"column":2},"end":{"line":107,"column":3}},"loc":{"start":{"line":107,"column":46},"end":{"line":247,"column":3}},"line":107},"5":{"name":"(anonymous_5)","decl":{"start":{"line":249,"column":2},"end":{"line":249,"column":3}},"loc":{"start":{"line":249,"column":41},"end":{"line":294,"column":3}},"line":249}},"branchMap":{"0":{"loc":{"start":{"line":8,"column":25},"end":{"line":8,"column":39}},"type":"default-arg","locations":[{"start":{"line":8,"column":34},"end":{"line":8,"column":39}}],"line":8},"1":{"loc":{"start":{"line":8,"column":41},"end":{"line":8,"column":59}},"type":"default-arg","locations":[{"start":{"line":8,"column":50},"end":{"line":8,"column":59}}],"line":8},"2":{"loc":{"start":{"line":16,"column":6},"end":{"line":27,"column":7}},"type":"if","locations":[{"start":{"line":16,"column":6},"end":{"line":27,"column":7}},{"start":{"line":18,"column":11},"end":{"line":27,"column":7}}],"line":16},"3":{"loc":{"start":{"line":118,"column":6},"end":{"line":118,"column":60}},"type":"if","locations":[{"start":{"line":118,"column":6},"end":{"line":118,"column":60}},{"start":{},"end":{}}],"line":118},"4":{"loc":{"start":{"line":139,"column":6},"end":{"line":241,"column":7}},"type":"if","locations":[{"start":{"line":139,"column":6},"end":{"line":241,"column":7}},{"start":{"line":154,"column":13},"end":{"line":241,"column":7}}],"line":139},"5":{"loc":{"start":{"line":182,"column":8},"end":{"line":240,"column":9}},"type":"if","locations":[{"start":{"line":182,"column":8},"end":{"line":240,"column":9}},{"start":{"line":185,"column":15},"end":{"line":240,"column":9}}],"line":182},"6":{"loc":{"start":{"line":186,"column":10},"end":{"line":239,"column":11}},"type":"if","locations":[{"start":{"line":186,"column":10},"end":{"line":239,"column":11}},{"start":{"line":213,"column":17},"end":{"line":239,"column":11}}],"line":186},"7":{"loc":{"start":{"line":261,"column":6},"end":{"line":261,"column":64}},"type":"if","locations":[{"start":{"line":261,"column":6},"end":{"line":261,"column":64}},{"start":{},"end":{}}],"line":261},"8":{"loc":{"start":{"line":264,"column":6},"end":{"line":290,"column":7}},"type":"if","locations":[{"start":{"line":264,"column":6},"end":{"line":290,"column":7}},{"start":{"line":277,"column":13},"end":{"line":290,"column":7}}],"line":264}},"s":{"0":6,"1":11,"2":11,"3":11,"4":11,"5":11,"6":54,"7":0,"8":11,"9":9,"10":2,"11":2,"12":2,"13":1,"14":1,"15":2,"16":2,"17":2,"18":2,"19":1,"20":1,"21":10,"22":10,"23":10,"24":10,"25":10,"26":1,"27":9,"28":9,"29":9,"30":9,"31":9,"32":6,"33":6,"34":6,"35":3,"36":3,"37":3,"38":3,"39":1,"40":1,"41":2,"42":1,"43":1,"44":1,"45":1,"46":1,"47":1,"48":1,"49":1,"50":1,"51":9,"52":1,"53":1,"54":1,"55":1,"56":1,"57":1,"58":0,"59":1,"60":1,"61":0,"62":0,"63":1,"64":1,"65":0,"66":6},"f":{"0":11,"1":54,"2":2,"3":2,"4":10,"5":1},"b":{"0":[11],"1":[11],"2":[0,11],"3":[1,9],"4":[6,3],"5":[1,2],"6":[1,1],"7":[0,1],"8":[0,1]},"_coverageSchema":"1a1c01bbd47fc00a2c39e90264f33305004495a9","hash":"bf7aa329b67df589575bfcf89a5281497e56680b"}
,"C:\\Users\\Whisnu B\\Documents\\PROJECT\\Final-project-hope\\Final-Project\\server\\app\\controllers\\contentController.js": {"path":"C:\\Users\\Whisnu B\\Documents\\PROJECT\\Final-project-hope\\Final-Project\\server\\app\\controllers\\contentController.js","statementMap":{"0":{"start":{"line":1,"column":26},"end":{"line":1,"column":52}},"1":{"start":{"line":4,"column":20},"end":{"line":19,"column":1}},"2":{"start":{"line":5,"column":4},"end":{"line":18,"column":5}},"3":{"start":{"line":6,"column":23},"end":{"line":13,"column":10}},"4":{"start":{"line":15,"column":8},"end":{"line":15,"column":36}},"5":{"start":{"line":17,"column":8},"end":{"line":17,"column":17}},"6":{"start":{"line":21,"column":22},"end":{"line":41,"column":1}},"7":{"start":{"line":22,"column":4},"end":{"line":40,"column":5}},"8":{"start":{"line":23,"column":23},"end":{"line":23,"column":33}},"9":{"start":{"line":24,"column":23},"end":{"line":32,"column":5}},"10":{"start":{"line":33,"column":4},"end":{"line":35,"column":5}},"11":{"start":{"line":34,"column":8},"end":{"line":34,"column":42}},"12":{"start":{"line":36,"column":8},"end":{"line":36,"column":36}},"13":{"start":{"line":39,"column":8},"end":{"line":39,"column":17}},"14":{"start":{"line":43,"column":21},"end":{"line":60,"column":1}},"15":{"start":{"line":44,"column":4},"end":{"line":59,"column":5}},"16":{"start":{"line":45,"column":87},"end":{"line":45,"column":95}},"17":{"start":{"line":46,"column":23},"end":{"line":54,"column":10}},"18":{"start":{"line":56,"column":8},"end":{"line":56,"column":36}},"19":{"start":{"line":58,"column":8},"end":{"line":58,"column":17}},"20":{"start":{"line":62,"column":21},"end":{"line":93,"column":1}},"21":{"start":{"line":63,"column":4},"end":{"line":92,"column":5}},"22":{"start":{"line":65,"column":23},"end":{"line":65,"column":33}},"23":{"start":{"line":74,"column":12},"end":{"line":74,"column":20}},"24":{"start":{"line":76,"column":28},"end":{"line":76,"column":54}},"25":{"start":{"line":77,"column":8},"end":{"line":79,"column":9}},"26":{"start":{"line":78,"column":12},"end":{"line":78,"column":46}},"27":{"start":{"line":81,"column":23},"end":{"line":87,"column":10}},"28":{"start":{"line":89,"column":8},"end":{"line":89,"column":42}},"29":{"start":{"line":91,"column":8},"end":{"line":91,"column":17}},"30":{"start":{"line":95,"column":22},"end":{"line":110,"column":1}},"31":{"start":{"line":96,"column":4},"end":{"line":109,"column":4}},"32":{"start":{"line":97,"column":21},"end":{"line":97,"column":31}},"33":{"start":{"line":98,"column":27},"end":{"line":98,"column":53}},"34":{"start":{"line":99,"column":8},"end":{"line":101,"column":9}},"35":{"start":{"line":100,"column":12},"end":{"line":100,"column":46}},"36":{"start":{"line":102,"column":23},"end":{"line":104,"column":10}},"37":{"start":{"line":105,"column":8},"end":{"line":105,"column":78}},"38":{"start":{"line":107,"column":7},"end":{"line":107,"column":18}},"39":{"start":{"line":113,"column":18},"end":{"line":159,"column":1}},"40":{"start":{"line":114,"column":4},"end":{"line":157,"column":2}},"41":{"start":{"line":116,"column":23},"end":{"line":116,"column":33}},"42":{"start":{"line":117,"column":31},"end":{"line":117,"column":39}},"43":{"start":{"line":119,"column":28},"end":{"line":119,"column":54}},"44":{"start":{"line":121,"column":8},"end":{"line":123,"column":9}},"45":{"start":{"line":122,"column":12},"end":{"line":122,"column":46}},"46":{"start":{"line":125,"column":23},"end":{"line":131,"column":10}},"47":{"start":{"line":132,"column":8},"end":{"line":152,"column":9}},"48":{"start":{"line":133,"column":12},"end":{"line":133,"column":33}},"49":{"start":{"line":134,"column":28},"end":{"line":141,"column":14}},"50":{"start":{"line":143,"column":12},"end":{"line":143,"column":33}},"51":{"start":{"line":144,"column":28},"end":{"line":151,"column":14}},"52":{"start":{"line":153,"column":8},"end":{"line":153,"column":56}},"53":{"start":{"line":154,"column":12},"end":{"line":154,"column":46}},"54":{"start":{"line":156,"column":8},"end":{"line":156,"column":17}},"55":{"start":{"line":161,"column":0},"end":{"line":161,"column":95}}},"fnMap":{"0":{"name":"(anonymous_0)","decl":{"start":{"line":4,"column":20},"end":{"line":4,"column":21}},"loc":{"start":{"line":4,"column":46},"end":{"line":19,"column":1}},"line":4},"1":{"name":"(anonymous_1)","decl":{"start":{"line":21,"column":22},"end":{"line":21,"column":23}},"loc":{"start":{"line":21,"column":46},"end":{"line":41,"column":1}},"line":21},"2":{"name":"(anonymous_2)","decl":{"start":{"line":43,"column":21},"end":{"line":43,"column":22}},"loc":{"start":{"line":43,"column":45},"end":{"line":60,"column":1}},"line":43},"3":{"name":"(anonymous_3)","decl":{"start":{"line":62,"column":21},"end":{"line":62,"column":22}},"loc":{"start":{"line":62,"column":45},"end":{"line":93,"column":1}},"line":62},"4":{"name":"(anonymous_4)","decl":{"start":{"line":95,"column":22},"end":{"line":95,"column":23}},"loc":{"start":{"line":95,"column":46},"end":{"line":110,"column":1}},"line":95},"5":{"name":"(anonymous_5)","decl":{"start":{"line":113,"column":18},"end":{"line":113,"column":19}},"loc":{"start":{"line":113,"column":42},"end":{"line":159,"column":1}},"line":113}},"branchMap":{"0":{"loc":{"start":{"line":33,"column":4},"end":{"line":35,"column":5}},"type":"if","locations":[{"start":{"line":33,"column":4},"end":{"line":35,"column":5}},{"start":{},"end":{}}],"line":33},"1":{"loc":{"start":{"line":77,"column":8},"end":{"line":79,"column":9}},"type":"if","locations":[{"start":{"line":77,"column":8},"end":{"line":79,"column":9}},{"start":{},"end":{}}],"line":77},"2":{"loc":{"start":{"line":99,"column":8},"end":{"line":101,"column":9}},"type":"if","locations":[{"start":{"line":99,"column":8},"end":{"line":101,"column":9}},{"start":{},"end":{}}],"line":99},"3":{"loc":{"start":{"line":121,"column":8},"end":{"line":123,"column":9}},"type":"if","locations":[{"start":{"line":121,"column":8},"end":{"line":123,"column":9}},{"start":{},"end":{}}],"line":121},"4":{"loc":{"start":{"line":132,"column":8},"end":{"line":152,"column":9}},"type":"if","locations":[{"start":{"line":132,"column":8},"end":{"line":152,"column":9}},{"start":{"line":142,"column":14},"end":{"line":152,"column":9}}],"line":132}},"s":{"0":6,"1":6,"2":2,"3":2,"4":1,"5":1,"6":6,"7":3,"8":3,"9":3,"10":2,"11":1,"12":1,"13":2,"14":6,"15":2,"16":2,"17":2,"18":1,"19":1,"20":6,"21":3,"22":3,"23":3,"24":3,"25":3,"26":1,"27":2,"28":1,"29":2,"30":6,"31":2,"32":2,"33":2,"34":2,"35":1,"36":1,"37":1,"38":1,"39":6,"40":4,"41":4,"42":4,"43":4,"44":4,"45":1,"46":3,"47":2,"48":1,"49":1,"50":1,"51":1,"52":2,"53":2,"54":2,"55":6},"f":{"0":2,"1":3,"2":2,"3":3,"4":2,"5":4},"b":{"0":[1,1],"1":[1,2],"2":[1,1],"3":[1,3],"4":[1,1]},"_coverageSchema":"1a1c01bbd47fc00a2c39e90264f33305004495a9","hash":"a19d6cb5ca25dc3d53e1fdb81cbe29309bbb1ee0"}
,"C:\\Users\\Whisnu B\\Documents\\PROJECT\\Final-project-hope\\Final-Project\\server\\app\\controllers\\userController.js": {"path":"C:\\Users\\Whisnu B\\Documents\\PROJECT\\Final-project-hope\\Final-Project\\server\\app\\controllers\\userController.js","statementMap":{"0":{"start":{"line":1,"column":20},"end":{"line":1,"column":48}},"1":{"start":{"line":2,"column":44},"end":{"line":2,"column":70}},"2":{"start":{"line":3,"column":17},"end":{"line":3,"column":42}},"3":{"start":{"line":4,"column":19},"end":{"line":4,"column":40}},"4":{"start":{"line":8,"column":42},"end":{"line":8,"column":50}},"5":{"start":{"line":9,"column":4},"end":{"line":9,"column":23}},"6":{"start":{"line":10,"column":15},"end":{"line":10,"column":17}},"7":{"start":{"line":11,"column":4},"end":{"line":13,"column":5}},"8":{"start":{"line":11,"column":17},"end":{"line":11,"column":18}},"9":{"start":{"line":12,"column":6},"end":{"line":12,"column":45}},"10":{"start":{"line":15,"column":18},"end":{"line":23,"column":5}},"11":{"start":{"line":25,"column":4},"end":{"line":25,"column":27}},"12":{"start":{"line":26,"column":22},"end":{"line":32,"column":6}},"13":{"start":{"line":34,"column":16},"end":{"line":44,"column":5}},"14":{"start":{"line":46,"column":4},"end":{"line":46,"column":51}},"15":{"start":{"line":48,"column":4},"end":{"line":62,"column":5}},"16":{"start":{"line":49,"column":20},"end":{"line":49,"column":46}},"17":{"start":{"line":50,"column":6},"end":{"line":50,"column":26}},"18":{"start":{"line":51,"column":6},"end":{"line":59,"column":9}},"19":{"start":{"line":61,"column":6},"end":{"line":61,"column":16}},"20":{"start":{"line":66,"column":4},"end":{"line":95,"column":5}},"21":{"start":{"line":67,"column":34},"end":{"line":67,"column":42}},"22":{"start":{"line":68,"column":6},"end":{"line":68,"column":58}},"23":{"start":{"line":68,"column":31},"end":{"line":68,"column":58}},"24":{"start":{"line":69,"column":19},"end":{"line":69,"column":59}},"25":{"start":{"line":71,"column":6},"end":{"line":73,"column":7}},"26":{"start":{"line":72,"column":8},"end":{"line":72,"column":34}},"27":{"start":{"line":74,"column":6},"end":{"line":74,"column":70}},"28":{"start":{"line":74,"column":40},"end":{"line":74,"column":70}},"29":{"start":{"line":75,"column":22},"end":{"line":82,"column":7}},"30":{"start":{"line":83,"column":20},"end":{"line":83,"column":33}},"31":{"start":{"line":85,"column":22},"end":{"line":85,"column":75}},"32":{"start":{"line":86,"column":6},"end":{"line":86,"column":77}},"33":{"start":{"line":86,"column":55},"end":{"line":86,"column":77}},"34":{"start":{"line":87,"column":6},"end":{"line":87,"column":27}},"35":{"start":{"line":88,"column":6},"end":{"line":92,"column":9}},"36":{"start":{"line":94,"column":6},"end":{"line":94,"column":16}},"37":{"start":{"line":99,"column":4},"end":{"line":108,"column":5}},"38":{"start":{"line":100,"column":20},"end":{"line":104,"column":8}},"39":{"start":{"line":105,"column":6},"end":{"line":105,"column":34}},"40":{"start":{"line":107,"column":6},"end":{"line":107,"column":16}},"41":{"start":{"line":112,"column":4},"end":{"line":139,"column":5}},"42":{"start":{"line":113,"column":33},"end":{"line":113,"column":41}},"43":{"start":{"line":115,"column":23},"end":{"line":119,"column":8}},"44":{"start":{"line":120,"column":6},"end":{"line":120,"column":54}},"45":{"start":{"line":120,"column":21},"end":{"line":120,"column":54}},"46":{"start":{"line":123,"column":6},"end":{"line":134,"column":8}},"47":{"start":{"line":136,"column":6},"end":{"line":136,"column":75}},"48":{"start":{"line":138,"column":6},"end":{"line":138,"column":16}},"49":{"start":{"line":143,"column":4},"end":{"line":149,"column":5}},"50":{"start":{"line":144,"column":21},"end":{"line":144,"column":42}},"51":{"start":{"line":146,"column":6},"end":{"line":146,"column":35}},"52":{"start":{"line":148,"column":6},"end":{"line":148,"column":16}},"53":{"start":{"line":153,"column":4},"end":{"line":160,"column":5}},"54":{"start":{"line":154,"column":21},"end":{"line":154,"column":42}},"55":{"start":{"line":156,"column":6},"end":{"line":156,"column":26}},"56":{"start":{"line":157,"column":6},"end":{"line":157,"column":35}},"57":{"start":{"line":159,"column":6},"end":{"line":159,"column":16}},"58":{"start":{"line":164,"column":4},"end":{"line":173,"column":5}},"59":{"start":{"line":165,"column":21},"end":{"line":165,"column":31}},"60":{"start":{"line":166,"column":21},"end":{"line":168,"column":8}},"61":{"start":{"line":170,"column":6},"end":{"line":170,"column":35}},"62":{"start":{"line":172,"column":6},"end":{"line":172,"column":16}},"63":{"start":{"line":177,"column":0},"end":{"line":177,"column":32}}},"fnMap":{"0":{"name":"(anonymous_0)","decl":{"start":{"line":7,"column":2},"end":{"line":7,"column":3}},"loc":{"start":{"line":7,"column":44},"end":{"line":63,"column":3}},"line":7},"1":{"name":"(anonymous_1)","decl":{"start":{"line":46,"column":32},"end":{"line":46,"column":33}},"loc":{"start":{"line":46,"column":47},"end":{"line":46,"column":49}},"line":46},"2":{"name":"(anonymous_2)","decl":{"start":{"line":65,"column":2},"end":{"line":65,"column":3}},"loc":{"start":{"line":65,"column":41},"end":{"line":96,"column":3}},"line":65},"3":{"name":"(anonymous_3)","decl":{"start":{"line":98,"column":2},"end":{"line":98,"column":3}},"loc":{"start":{"line":98,"column":40},"end":{"line":109,"column":3}},"line":98},"4":{"name":"(anonymous_4)","decl":{"start":{"line":111,"column":2},"end":{"line":111,"column":3}},"loc":{"start":{"line":111,"column":41},"end":{"line":140,"column":3}},"line":111},"5":{"name":"(anonymous_5)","decl":{"start":{"line":142,"column":2},"end":{"line":142,"column":3}},"loc":{"start":{"line":142,"column":42},"end":{"line":150,"column":3}},"line":142},"6":{"name":"(anonymous_6)","decl":{"start":{"line":152,"column":2},"end":{"line":152,"column":3}},"loc":{"start":{"line":152,"column":41},"end":{"line":161,"column":3}},"line":152},"7":{"name":"(anonymous_7)","decl":{"start":{"line":163,"column":2},"end":{"line":163,"column":3}},"loc":{"start":{"line":163,"column":46},"end":{"line":174,"column":3}},"line":163}},"branchMap":{"0":{"loc":{"start":{"line":68,"column":6},"end":{"line":68,"column":58}},"type":"if","locations":[{"start":{"line":68,"column":6},"end":{"line":68,"column":58}},{"start":{},"end":{}}],"line":68},"1":{"loc":{"start":{"line":68,"column":10},"end":{"line":68,"column":29}},"type":"binary-expr","locations":[{"start":{"line":68,"column":10},"end":{"line":68,"column":16}},{"start":{"line":68,"column":20},"end":{"line":68,"column":29}}],"line":68},"2":{"loc":{"start":{"line":71,"column":6},"end":{"line":73,"column":7}},"type":"if","locations":[{"start":{"line":71,"column":6},"end":{"line":73,"column":7}},{"start":{},"end":{}}],"line":71},"3":{"loc":{"start":{"line":71,"column":10},"end":{"line":71,"column":52}},"type":"binary-expr","locations":[{"start":{"line":71,"column":10},"end":{"line":71,"column":15}},{"start":{"line":71,"column":19},"end":{"line":71,"column":52}}],"line":71},"4":{"loc":{"start":{"line":74,"column":6},"end":{"line":74,"column":70}},"type":"if","locations":[{"start":{"line":74,"column":6},"end":{"line":74,"column":70}},{"start":{},"end":{}}],"line":74},"5":{"loc":{"start":{"line":86,"column":6},"end":{"line":86,"column":77}},"type":"if","locations":[{"start":{"line":86,"column":6},"end":{"line":86,"column":77}},{"start":{},"end":{}}],"line":86},"6":{"loc":{"start":{"line":86,"column":9},"end":{"line":86,"column":53}},"type":"binary-expr","locations":[{"start":{"line":86,"column":9},"end":{"line":86,"column":17}},{"start":{"line":86,"column":21},"end":{"line":86,"column":53}}],"line":86},"7":{"loc":{"start":{"line":120,"column":6},"end":{"line":120,"column":54}},"type":"if","locations":[{"start":{"line":120,"column":6},"end":{"line":120,"column":54}},{"start":{},"end":{}}],"line":120}},"s":{"0":6,"1":6,"2":6,"3":6,"4":8,"5":8,"6":8,"7":8,"8":8,"9":48,"10":8,"11":8,"12":8,"13":8,"14":8,"15":8,"16":8,"17":1,"18":1,"19":7,"20":10,"21":10,"22":10,"23":2,"24":8,"25":8,"26":2,"27":6,"28":0,"29":6,"30":6,"31":6,"32":6,"33":6,"34":6,"35":6,"36":4,"37":2,"38":2,"39":1,"40":1,"41":2,"42":2,"43":2,"44":2,"45":1,"46":1,"47":1,"48":1,"49":2,"50":2,"51":1,"52":1,"53":2,"54":2,"55":1,"56":1,"57":1,"58":2,"59":2,"60":2,"61":1,"62":1,"63":6},"f":{"0":8,"1":0,"2":10,"3":2,"4":2,"5":2,"6":2,"7":2},"b":{"0":[2,8],"1":[10,9],"2":[2,6],"3":[8,7],"4":[0,6],"5":[6,0],"6":[6,0],"7":[1,1]},"_coverageSchema":"1a1c01bbd47fc00a2c39e90264f33305004495a9","hash":"6565dbc92c91769c3c98c324a6bd05b7edc66562"}
,"C:\\Users\\Whisnu B\\Documents\\PROJECT\\Final-project-hope\\Final-Project\\server\\app\\controllers\\userProfilesController.js": {"path":"C:\\Users\\Whisnu B\\Documents\\PROJECT\\Final-project-hope\\Final-Project\\server\\app\\controllers\\userProfilesController.js","statementMap":{"0":{"start":{"line":1,"column":42},"end":{"line":1,"column":62}},"1":{"start":{"line":2,"column":15},"end":{"line":2,"column":32}},"2":{"start":{"line":3,"column":15},"end":{"line":3,"column":52}},"3":{"start":{"line":4,"column":14},"end":{"line":4,"column":30}},"4":{"start":{"line":5,"column":22},"end":{"line":5,"column":42}},"5":{"start":{"line":9,"column":14},"end":{"line":9,"column":43}},"6":{"start":{"line":10,"column":4},"end":{"line":149,"column":5}},"7":{"start":{"line":11,"column":29},"end":{"line":11,"column":37}},"8":{"start":{"line":20,"column":10},"end":{"line":20,"column":18}},"9":{"start":{"line":22,"column":6},"end":{"line":31,"column":9}},"10":{"start":{"line":33,"column":6},"end":{"line":42,"column":38}},"11":{"start":{"line":42,"column":8},"end":{"line":42,"column":38}},"12":{"start":{"line":44,"column":20},"end":{"line":44,"column":21}},"13":{"start":{"line":46,"column":17},"end":{"line":46,"column":37}},"14":{"start":{"line":47,"column":18},"end":{"line":47,"column":25}},"15":{"start":{"line":48,"column":20},"end":{"line":48,"column":27}},"16":{"start":{"line":49,"column":19},"end":{"line":49,"column":26}},"17":{"start":{"line":51,"column":18},"end":{"line":51,"column":28}},"18":{"start":{"line":52,"column":22},"end":{"line":52,"column":48}},"19":{"start":{"line":53,"column":16},"end":{"line":53,"column":61}},"20":{"start":{"line":55,"column":6},"end":{"line":55,"column":27}},"21":{"start":{"line":56,"column":20},"end":{"line":65,"column":8}},"22":{"start":{"line":66,"column":6},"end":{"line":66,"column":31}},"23":{"start":{"line":67,"column":6},"end":{"line":80,"column":7}},"24":{"start":{"line":72,"column":8},"end":{"line":72,"column":20}},"25":{"start":{"line":73,"column":13},"end":{"line":80,"column":7}},"26":{"start":{"line":77,"column":8},"end":{"line":77,"column":20}},"27":{"start":{"line":79,"column":8},"end":{"line":79,"column":20}},"28":{"start":{"line":82,"column":6},"end":{"line":93,"column":9}},"29":{"start":{"line":94,"column":30},"end":{"line":108,"column":7}},"30":{"start":{"line":111,"column":6},"end":{"line":121,"column":8}},"31":{"start":{"line":123,"column":6},"end":{"line":133,"column":8}},"32":{"start":{"line":135,"column":6},"end":{"line":135,"column":23}},"33":{"start":{"line":137,"column":24},"end":{"line":141,"column":8}},"34":{"start":{"line":143,"column":6},"end":{"line":145,"column":9}},"35":{"start":{"line":147,"column":6},"end":{"line":147,"column":25}},"36":{"start":{"line":148,"column":6},"end":{"line":148,"column":16}},"37":{"start":{"line":213,"column":4},"end":{"line":231,"column":5}},"38":{"start":{"line":214,"column":29},"end":{"line":214,"column":37}},"39":{"start":{"line":215,"column":6},"end":{"line":224,"column":8}},"40":{"start":{"line":226,"column":6},"end":{"line":228,"column":9}},"41":{"start":{"line":230,"column":6},"end":{"line":230,"column":16}},"42":{"start":{"line":235,"column":4},"end":{"line":265,"column":5}},"43":{"start":{"line":236,"column":21},"end":{"line":236,"column":32}},"44":{"start":{"line":237,"column":6},"end":{"line":237,"column":28}},"45":{"start":{"line":238,"column":23},"end":{"line":250,"column":8}},"46":{"start":{"line":252,"column":24},"end":{"line":257,"column":8}},"47":{"start":{"line":259,"column":6},"end":{"line":262,"column":9}},"48":{"start":{"line":264,"column":6},"end":{"line":264,"column":16}},"49":{"start":{"line":269,"column":0},"end":{"line":269,"column":40}}},"fnMap":{"0":{"name":"(anonymous_0)","decl":{"start":{"line":8,"column":2},"end":{"line":8,"column":3}},"loc":{"start":{"line":8,"column":49},"end":{"line":150,"column":3}},"line":8},"1":{"name":"(anonymous_1)","decl":{"start":{"line":212,"column":2},"end":{"line":212,"column":3}},"loc":{"start":{"line":212,"column":50},"end":{"line":232,"column":3}},"line":212},"2":{"name":"(anonymous_2)","decl":{"start":{"line":234,"column":2},"end":{"line":234,"column":3}},"loc":{"start":{"line":234,"column":46},"end":{"line":266,"column":3}},"line":234}},"branchMap":{"0":{"loc":{"start":{"line":33,"column":6},"end":{"line":42,"column":38}},"type":"if","locations":[{"start":{"line":33,"column":6},"end":{"line":42,"column":38}},{"start":{},"end":{}}],"line":33},"1":{"loc":{"start":{"line":34,"column":8},"end":{"line":40,"column":14}},"type":"binary-expr","locations":[{"start":{"line":34,"column":8},"end":{"line":34,"column":15}},{"start":{"line":35,"column":8},"end":{"line":35,"column":15}},{"start":{"line":36,"column":8},"end":{"line":36,"column":22}},{"start":{"line":37,"column":8},"end":{"line":37,"column":20}},{"start":{"line":38,"column":8},"end":{"line":38,"column":15}},{"start":{"line":39,"column":8},"end":{"line":39,"column":18}},{"start":{"line":40,"column":8},"end":{"line":40,"column":14}}],"line":34},"2":{"loc":{"start":{"line":67,"column":6},"end":{"line":80,"column":7}},"type":"if","locations":[{"start":{"line":67,"column":6},"end":{"line":80,"column":7}},{"start":{"line":73,"column":13},"end":{"line":80,"column":7}}],"line":67},"3":{"loc":{"start":{"line":68,"column":8},"end":{"line":70,"column":51}},"type":"binary-expr","locations":[{"start":{"line":68,"column":8},"end":{"line":68,"column":53}},{"start":{"line":69,"column":8},"end":{"line":69,"column":55}},{"start":{"line":70,"column":8},"end":{"line":70,"column":51}}],"line":68},"4":{"loc":{"start":{"line":73,"column":13},"end":{"line":80,"column":7}},"type":"if","locations":[{"start":{"line":73,"column":13},"end":{"line":80,"column":7}},{"start":{"line":78,"column":13},"end":{"line":80,"column":7}}],"line":73},"5":{"loc":{"start":{"line":74,"column":8},"end":{"line":75,"column":52}},"type":"binary-expr","locations":[{"start":{"line":74,"column":8},"end":{"line":74,"column":44}},{"start":{"line":75,"column":8},"end":{"line":75,"column":52}}],"line":74}},"s":{"0":6,"1":6,"2":6,"3":6,"4":6,"5":8,"6":8,"7":8,"8":8,"9":8,"10":8,"11":2,"12":6,"13":6,"14":6,"15":6,"16":6,"17":6,"18":6,"19":6,"20":6,"21":6,"22":6,"23":6,"24":1,"25":5,"26":1,"27":4,"28":6,"29":6,"30":6,"31":6,"32":6,"33":6,"34":6,"35":2,"36":2,"37":1,"38":1,"39":1,"40":1,"41":0,"42":3,"43":3,"44":3,"45":3,"46":2,"47":1,"48":2,"49":6},"f":{"0":8,"1":1,"2":3},"b":{"0":[2,6],"1":[8,6,6,6,6,6,6],"2":[1,5],"3":[6,6,6],"4":[1,4],"5":[5,4]},"_coverageSchema":"1a1c01bbd47fc00a2c39e90264f33305004495a9","hash":"56f3d2864a736dfbe2597b3d0e455fbf84e4a6c2"}
,"C:\\Users\\Whisnu B\\Documents\\PROJECT\\Final-project-hope\\Final-Project\\server\\app\\helpers\\bcrypt.js": {"path":"C:\\Users\\Whisnu B\\Documents\\PROJECT\\Final-project-hope\\Final-Project\\server\\app\\helpers\\bcrypt.js","statementMap":{"0":{"start":{"line":1,"column":15},"end":{"line":1,"column":34}},"1":{"start":{"line":4,"column":15},"end":{"line":4,"column":36}},"2":{"start":{"line":5,"column":2},"end":{"line":5,"column":41}},"3":{"start":{"line":9,"column":2},"end":{"line":9,"column":54}},"4":{"start":{"line":12,"column":0},"end":{"line":12,"column":35}}},"fnMap":{"0":{"name":"hash","decl":{"start":{"line":3,"column":9},"end":{"line":3,"column":13}},"loc":{"start":{"line":3,"column":24},"end":{"line":6,"column":1}},"line":3},"1":{"name":"compare","decl":{"start":{"line":8,"column":9},"end":{"line":8,"column":16}},"loc":{"start":{"line":8,"column":43},"end":{"line":10,"column":1}},"line":8}},"branchMap":{},"s":{"0":6,"1":8,"2":8,"3":7,"4":6},"f":{"0":8,"1":7},"b":{},"_coverageSchema":"1a1c01bbd47fc00a2c39e90264f33305004495a9","hash":"84de8c562c7f88cd8e75fc1284bde55e7865ab1c"}
,"C:\\Users\\Whisnu B\\Documents\\PROJECT\\Final-project-hope\\Final-Project\\server\\app\\helpers\\jwt.js": {"path":"C:\\Users\\Whisnu B\\Documents\\PROJECT\\Final-project-hope\\Final-Project\\server\\app\\helpers\\jwt.js","statementMap":{"0":{"start":{"line":1,"column":12},"end":{"line":1,"column":35}},"1":{"start":{"line":4,"column":2},"end":{"line":4,"column":54}},"2":{"start":{"line":8,"column":2},"end":{"line":8,"column":61}},"3":{"start":{"line":11,"column":0},"end":{"line":11,"column":34}}},"fnMap":{"0":{"name":"sign","decl":{"start":{"line":3,"column":9},"end":{"line":3,"column":13}},"loc":{"start":{"line":3,"column":23},"end":{"line":5,"column":1}},"line":3},"1":{"name":"verify","decl":{"start":{"line":7,"column":9},"end":{"line":7,"column":15}},"loc":{"start":{"line":7,"column":30},"end":{"line":9,"column":1}},"line":7}},"branchMap":{},"s":{"0":6,"1":7,"2":75,"3":6},"f":{"0":7,"1":75},"b":{},"_coverageSchema":"1a1c01bbd47fc00a2c39e90264f33305004495a9","hash":"1165b903a5eed1ab9bc89b1a575bb62c8b4c3083"}
,"C:\\Users\\Whisnu B\\Documents\\PROJECT\\Final-project-hope\\Final-Project\\server\\app\\middlewares\\authenticate.js": {"path":"C:\\Users\\Whisnu B\\Documents\\PROJECT\\Final-project-hope\\Final-Project\\server\\app\\middlewares\\authenticate.js","statementMap":{"0":{"start":{"line":1,"column":19},"end":{"line":1,"column":44}},"1":{"start":{"line":2,"column":17},"end":{"line":2,"column":37}},"2":{"start":{"line":4,"column":21},"end":{"line":20,"column":1}},"3":{"start":{"line":5,"column":2},"end":{"line":19,"column":3}},"4":{"start":{"line":6,"column":29},"end":{"line":6,"column":40}},"5":{"start":{"line":7,"column":4},"end":{"line":7,"column":30}},"6":{"start":{"line":8,"column":20},"end":{"line":8,"column":40}},"7":{"start":{"line":9,"column":4},"end":{"line":11,"column":5}},"8":{"start":{"line":10,"column":6},"end":{"line":10,"column":39}},"9":{"start":{"line":12,"column":4},"end":{"line":14,"column":6}},"10":{"start":{"line":16,"column":4},"end":{"line":16,"column":11}},"11":{"start":{"line":18,"column":4},"end":{"line":18,"column":14}},"12":{"start":{"line":22,"column":0},"end":{"line":24,"column":2}}},"fnMap":{"0":{"name":"(anonymous_0)","decl":{"start":{"line":4,"column":21},"end":{"line":4,"column":22}},"loc":{"start":{"line":4,"column":47},"end":{"line":20,"column":1}},"line":4}},"branchMap":{"0":{"loc":{"start":{"line":9,"column":4},"end":{"line":11,"column":5}},"type":"if","locations":[{"start":{"line":9,"column":4},"end":{"line":11,"column":5}},{"start":{},"end":{}}],"line":9}},"s":{"0":6,"1":6,"2":6,"3":75,"4":75,"5":75,"6":75,"7":60,"8":0,"9":60,"10":60,"11":15,"12":6},"f":{"0":75},"b":{"0":[0,60]},"_coverageSchema":"1a1c01bbd47fc00a2c39e90264f33305004495a9","hash":"7a33b59411a99d3f9deb661e8e6fb83006256ae5"}
,"C:\\Users\\Whisnu B\\Documents\\PROJECT\\Final-project-hope\\Final-Project\\server\\app\\middlewares\\errorHandler.js": {"path":"C:\\Users\\Whisnu B\\Documents\\PROJECT\\Final-project-hope\\Final-Project\\server\\app\\middlewares\\errorHandler.js","statementMap":{"0":{"start":{"line":1,"column":21},"end":{"line":36,"column":1}},"1":{"start":{"line":2,"column":2},"end":{"line":2,"column":23}},"2":{"start":{"line":3,"column":2},"end":{"line":35,"column":3}},"3":{"start":{"line":6,"column":6},"end":{"line":6,"column":74}},"4":{"start":{"line":6,"column":59},"end":{"line":6,"column":69}},"5":{"start":{"line":7,"column":6},"end":{"line":7,"column":12}},"6":{"start":{"line":9,"column":6},"end":{"line":9,"column":57}},"7":{"start":{"line":10,"column":6},"end":{"line":10,"column":12}},"8":{"start":{"line":12,"column":6},"end":{"line":12,"column":71}},"9":{"start":{"line":13,"column":6},"end":{"line":13,"column":12}},"10":{"start":{"line":15,"column":6},"end":{"line":15,"column":64}},"11":{"start":{"line":16,"column":6},"end":{"line":16,"column":12}},"12":{"start":{"line":18,"column":6},"end":{"line":18,"column":55}},"13":{"start":{"line":19,"column":6},"end":{"line":19,"column":12}},"14":{"start":{"line":21,"column":6},"end":{"line":21,"column":55}},"15":{"start":{"line":22,"column":6},"end":{"line":22,"column":12}},"16":{"start":{"line":24,"column":6},"end":{"line":24,"column":59}},"17":{"start":{"line":25,"column":6},"end":{"line":25,"column":12}},"18":{"start":{"line":27,"column":6},"end":{"line":27,"column":68}},"19":{"start":{"line":28,"column":6},"end":{"line":28,"column":12}},"20":{"start":{"line":30,"column":6},"end":{"line":30,"column":71}},"21":{"start":{"line":31,"column":6},"end":{"line":31,"column":12}},"22":{"start":{"line":33,"column":6},"end":{"line":33,"column":63}},"23":{"start":{"line":34,"column":6},"end":{"line":34,"column":12}},"24":{"start":{"line":38,"column":0},"end":{"line":38,"column":30}}},"fnMap":{"0":{"name":"(anonymous_0)","decl":{"start":{"line":1,"column":21},"end":{"line":1,"column":22}},"loc":{"start":{"line":1,"column":46},"end":{"line":36,"column":1}},"line":1},"1":{"name":"(anonymous_1)","decl":{"start":{"line":6,"column":51},"end":{"line":6,"column":52}},"loc":{"start":{"line":6,"column":59},"end":{"line":6,"column":69}},"line":6}},"branchMap":{"0":{"loc":{"start":{"line":3,"column":2},"end":{"line":35,"column":3}},"type":"switch","locations":[{"start":{"line":4,"column":4},"end":{"line":4,"column":36}},{"start":{"line":5,"column":4},"end":{"line":7,"column":12}},{"start":{"line":8,"column":4},"end":{"line":10,"column":12}},{"start":{"line":11,"column":4},"end":{"line":13,"column":12}},{"start":{"line":14,"column":4},"end":{"line":16,"column":12}},{"start":{"line":17,"column":4},"end":{"line":19,"column":12}},{"start":{"line":20,"column":4},"end":{"line":22,"column":12}},{"start":{"line":23,"column":4},"end":{"line":25,"column":12}},{"start":{"line":26,"column":4},"end":{"line":28,"column":12}},{"start":{"line":29,"column":4},"end":{"line":31,"column":12}},{"start":{"line":32,"column":4},"end":{"line":34,"column":12}}],"line":3}},"s":{"0":6,"1":51,"2":51,"3":11,"4":21,"5":11,"6":0,"7":0,"8":2,"9":2,"10":2,"11":2,"12":15,"13":15,"14":1,"15":1,"16":5,"17":5,"18":2,"19":2,"20":0,"21":0,"22":13,"23":13,"24":6},"f":{"0":51,"1":21},"b":{"0":[10,11,0,2,2,15,1,5,2,0,13]},"_coverageSchema":"1a1c01bbd47fc00a2c39e90264f33305004495a9","hash":"d4dba9163ab2eda815f94a14956241b9f2a5685a"}
,"C:\\Users\\Whisnu B\\Documents\\PROJECT\\Final-project-hope\\Final-Project\\server\\app\\models\\coach.js": {"path":"C:\\Users\\Whisnu B\\Documents\\PROJECT\\Final-project-hope\\Final-Project\\server\\app\\models\\coach.js","statementMap":{"0":{"start":{"line":4,"column":4},"end":{"line":4,"column":24}},"1":{"start":{"line":5,"column":0},"end":{"line":26,"column":2}},"2":{"start":{"line":16,"column":2},"end":{"line":24,"column":5}},"3":{"start":{"line":25,"column":2},"end":{"line":25,"column":15}}},"fnMap":{"0":{"name":"(anonymous_0)","decl":{"start":{"line":5,"column":17},"end":{"line":5,"column":18}},"loc":{"start":{"line":5,"column":43},"end":{"line":26,"column":1}},"line":5},"1":{"name":"(anonymous_1)","decl":{"start":{"line":12,"column":4},"end":{"line":12,"column":5}},"loc":{"start":{"line":12,"column":29},"end":{"line":14,"column":5}},"line":12}},"branchMap":{},"s":{"0":6,"1":6,"2":6,"3":6},"f":{"0":6,"1":6},"b":{},"_coverageSchema":"1a1c01bbd47fc00a2c39e90264f33305004495a9","hash":"2d6f5c5a5b8f496101098f44020de2941c661f71"}
,"C:\\Users\\Whisnu B\\Documents\\PROJECT\\Final-project-hope\\Final-Project\\server\\app\\models\\content.js": {"path":"C:\\Users\\Whisnu B\\Documents\\PROJECT\\Final-project-hope\\Final-Project\\server\\app\\models\\content.js","statementMap":{"0":{"start":{"line":2,"column":18},"end":{"line":2,"column":38}},"1":{"start":{"line":3,"column":0},"end":{"line":79,"column":2}},"2":{"start":{"line":12,"column":6},"end":{"line":12,"column":37}},"3":{"start":{"line":13,"column":6},"end":{"line":13,"column":41}},"4":{"start":{"line":16,"column":2},"end":{"line":77,"column":5}},"5":{"start":{"line":78,"column":2},"end":{"line":78,"column":17}}},"fnMap":{"0":{"name":"(anonymous_0)","decl":{"start":{"line":3,"column":17},"end":{"line":3,"column":18}},"loc":{"start":{"line":3,"column":43},"end":{"line":79,"column":1}},"line":3},"1":{"name":"(anonymous_1)","decl":{"start":{"line":10,"column":4},"end":{"line":10,"column":5}},"loc":{"start":{"line":10,"column":29},"end":{"line":14,"column":5}},"line":10}},"branchMap":{},"s":{"0":6,"1":6,"2":6,"3":6,"4":6,"5":6},"f":{"0":6,"1":6},"b":{},"_coverageSchema":"1a1c01bbd47fc00a2c39e90264f33305004495a9","hash":"dde063f0c45575ee7765d9d8ff3772834a15679f"}
,"C:\\Users\\Whisnu B\\Documents\\PROJECT\\Final-project-hope\\Final-Project\\server\\app\\models\\index.js": {"path":"C:\\Users\\Whisnu B\\Documents\\PROJECT\\Final-project-hope\\Final-Project\\server\\app\\models\\index.js","statementMap":{"0":{"start":{"line":3,"column":11},"end":{"line":3,"column":24}},"1":{"start":{"line":4,"column":13},"end":{"line":4,"column":28}},"2":{"start":{"line":5,"column":18},"end":{"line":5,"column":38}},"3":{"start":{"line":6,"column":17},"end":{"line":6,"column":42}},"4":{"start":{"line":7,"column":12},"end":{"line":7,"column":49}},"5":{"start":{"line":8,"column":15},"end":{"line":8,"column":65}},"6":{"start":{"line":9,"column":11},"end":{"line":9,"column":13}},"7":{"start":{"line":12,"column":0},"end":{"line":16,"column":1}},"8":{"start":{"line":13,"column":2},"end":{"line":13,"column":74}},"9":{"start":{"line":15,"column":2},"end":{"line":15,"column":87}},"10":{"start":{"line":18,"column":0},"end":{"line":26,"column":5}},"11":{"start":{"line":21,"column":4},"end":{"line":21,"column":90}},"12":{"start":{"line":24,"column":18},"end":{"line":24,"column":85}},"13":{"start":{"line":25,"column":4},"end":{"line":25,"column":27}},"14":{"start":{"line":28,"column":0},"end":{"line":32,"column":3}},"15":{"start":{"line":29,"column":2},"end":{"line":31,"column":3}},"16":{"start":{"line":30,"column":4},"end":{"line":30,"column":32}},"17":{"start":{"line":34,"column":0},"end":{"line":34,"column":25}},"18":{"start":{"line":35,"column":0},"end":{"line":35,"column":25}},"19":{"start":{"line":37,"column":0},"end":{"line":37,"column":20}}},"fnMap":{"0":{"name":"(anonymous_0)","decl":{"start":{"line":20,"column":10},"end":{"line":20,"column":11}},"loc":{"start":{"line":20,"column":18},"end":{"line":22,"column":3}},"line":20},"1":{"name":"(anonymous_1)","decl":{"start":{"line":23,"column":11},"end":{"line":23,"column":12}},"loc":{"start":{"line":23,"column":19},"end":{"line":26,"column":3}},"line":23},"2":{"name":"(anonymous_2)","decl":{"start":{"line":28,"column":24},"end":{"line":28,"column":25}},"loc":{"start":{"line":28,"column":37},"end":{"line":32,"column":1}},"line":28}},"branchMap":{"0":{"loc":{"start":{"line":7,"column":12},"end":{"line":7,"column":49}},"type":"binary-expr","locations":[{"start":{"line":7,"column":12},"end":{"line":7,"column":32}},{"start":{"line":7,"column":36},"end":{"line":7,"column":49}}],"line":7},"1":{"loc":{"start":{"line":12,"column":0},"end":{"line":16,"column":1}},"type":"if","locations":[{"start":{"line":12,"column":0},"end":{"line":16,"column":1}},{"start":{"line":14,"column":7},"end":{"line":16,"column":1}}],"line":12},"2":{"loc":{"start":{"line":21,"column":11},"end":{"line":21,"column":89}},"type":"binary-expr","locations":[{"start":{"line":21,"column":12},"end":{"line":21,"column":35}},{"start":{"line":21,"column":41},"end":{"line":21,"column":58}},{"start":{"line":21,"column":64},"end":{"line":21,"column":88}}],"line":21},"3":{"loc":{"start":{"line":29,"column":2},"end":{"line":31,"column":3}},"type":"if","locations":[{"start":{"line":29,"column":2},"end":{"line":31,"column":3}},{"start":{},"end":{}}],"line":29}},"s":{"0":6,"1":6,"2":6,"3":6,"4":6,"5":6,"6":6,"7":6,"8":0,"9":6,"10":6,"11":48,"12":42,"13":42,"14":6,"15":42,"16":42,"17":6,"18":6,"19":6},"f":{"0":48,"1":42,"2":42},"b":{"0":[6,0],"1":[0,6],"2":[48,48,42],"3":[42,0]},"_coverageSchema":"1a1c01bbd47fc00a2c39e90264f33305004495a9","hash":"309eaede35b8d35cf73d0a8b2c1536c50b3e02e9"}
,"C:\\Users\\Whisnu B\\Documents\\PROJECT\\Final-project-hope\\Final-Project\\server\\app\\models\\level.js": {"path":"C:\\Users\\Whisnu B\\Documents\\PROJECT\\Final-project-hope\\Final-Project\\server\\app\\models\\level.js","statementMap":{"0":{"start":{"line":2,"column":18},"end":{"line":2,"column":38}},"1":{"start":{"line":3,"column":0},"end":{"line":29,"column":2}},"2":{"start":{"line":12,"column":6},"end":{"line":12,"column":40}},"3":{"start":{"line":13,"column":6},"end":{"line":13,"column":36}},"4":{"start":{"line":14,"column":6},"end":{"line":14,"column":32}},"5":{"start":{"line":17,"column":2},"end":{"line":27,"column":4}},"6":{"start":{"line":28,"column":2},"end":{"line":28,"column":15}}},"fnMap":{"0":{"name":"(anonymous_0)","decl":{"start":{"line":3,"column":17},"end":{"line":3,"column":18}},"loc":{"start":{"line":3,"column":43},"end":{"line":29,"column":1}},"line":3},"1":{"name":"(anonymous_1)","decl":{"start":{"line":10,"column":4},"end":{"line":10,"column":5}},"loc":{"start":{"line":10,"column":29},"end":{"line":15,"column":5}},"line":10}},"branchMap":{},"s":{"0":6,"1":6,"2":6,"3":6,"4":6,"5":6,"6":6},"f":{"0":6,"1":6},"b":{},"_coverageSchema":"1a1c01bbd47fc00a2c39e90264f33305004495a9","hash":"11fb01809f265b741d4505282ffd7078e9ebc67f"}
,"C:\\Users\\Whisnu B\\Documents\\PROJECT\\Final-project-hope\\Final-Project\\server\\app\\models\\log.js": {"path":"C:\\Users\\Whisnu B\\Documents\\PROJECT\\Final-project-hope\\Final-Project\\server\\app\\models\\log.js","statementMap":{"0":{"start":{"line":4,"column":4},"end":{"line":4,"column":24}},"1":{"start":{"line":5,"column":0},"end":{"line":68,"column":2}},"2":{"start":{"line":14,"column":6},"end":{"line":14,"column":33}},"3":{"start":{"line":15,"column":6},"end":{"line":15,"column":32}},"4":{"start":{"line":18,"column":2},"end":{"line":66,"column":5}},"5":{"start":{"line":67,"column":2},"end":{"line":67,"column":13}}},"fnMap":{"0":{"name":"(anonymous_0)","decl":{"start":{"line":5,"column":17},"end":{"line":5,"column":18}},"loc":{"start":{"line":5,"column":43},"end":{"line":68,"column":1}},"line":5},"1":{"name":"(anonymous_1)","decl":{"start":{"line":12,"column":4},"end":{"line":12,"column":5}},"loc":{"start":{"line":12,"column":29},"end":{"line":16,"column":5}},"line":12}},"branchMap":{},"s":{"0":6,"1":6,"2":6,"3":6,"4":6,"5":6},"f":{"0":6,"1":6},"b":{},"_coverageSchema":"1a1c01bbd47fc00a2c39e90264f33305004495a9","hash":"6a7b5d68d078c8ff20950ef9e85ea2016363065c"}
,"C:\\Users\\Whisnu B\\Documents\\PROJECT\\Final-project-hope\\Final-Project\\server\\app\\models\\user.js": {"path":"C:\\Users\\Whisnu B\\Documents\\PROJECT\\Final-project-hope\\Final-Project\\server\\app\\models\\user.js","statementMap":{"0":{"start":{"line":2,"column":18},"end":{"line":2,"column":38}},"1":{"start":{"line":3,"column":17},"end":{"line":3,"column":45}},"2":{"start":{"line":4,"column":0},"end":{"line":84,"column":2}},"3":{"start":{"line":13,"column":6},"end":{"line":13,"column":38}},"4":{"start":{"line":14,"column":6},"end":{"line":14,"column":31}},"5":{"start":{"line":17,"column":2},"end":{"line":82,"column":4}},"6":{"start":{"line":78,"column":10},"end":{"line":78,"column":54}},"7":{"start":{"line":83,"column":2},"end":{"line":83,"column":14}}},"fnMap":{"0":{"name":"(anonymous_0)","decl":{"start":{"line":4,"column":17},"end":{"line":4,"column":18}},"loc":{"start":{"line":4,"column":43},"end":{"line":84,"column":1}},"line":4},"1":{"name":"(anonymous_1)","decl":{"start":{"line":11,"column":4},"end":{"line":11,"column":5}},"loc":{"start":{"line":11,"column":29},"end":{"line":15,"column":5}},"line":11},"2":{"name":"(anonymous_2)","decl":{"start":{"line":77,"column":22},"end":{"line":77,"column":23}},"loc":{"start":{"line":77,"column":45},"end":{"line":79,"column":9}},"line":77}},"branchMap":{},"s":{"0":6,"1":6,"2":6,"3":6,"4":6,"5":6,"6":8,"7":6},"f":{"0":6,"1":6,"2":8},"b":{},"_coverageSchema":"1a1c01bbd47fc00a2c39e90264f33305004495a9","hash":"a6ab5cfec7438eff62a12b315f3a91fd7c6702e1"}
,"C:\\Users\\Whisnu B\\Documents\\PROJECT\\Final-project-hope\\Final-Project\\server\\app\\models\\usercontent.js": {"path":"C:\\Users\\Whisnu B\\Documents\\PROJECT\\Final-project-hope\\Final-Project\\server\\app\\models\\usercontent.js","statementMap":{"0":{"start":{"line":2,"column":18},"end":{"line":2,"column":38}},"1":{"start":{"line":3,"column":0},"end":{"line":50,"column":2}},"2":{"start":{"line":12,"column":6},"end":{"line":12,"column":41}},"3":{"start":{"line":13,"column":6},"end":{"line":13,"column":44}},"4":{"start":{"line":16,"column":2},"end":{"line":48,"column":4}},"5":{"start":{"line":49,"column":2},"end":{"line":49,"column":21}}},"fnMap":{"0":{"name":"(anonymous_0)","decl":{"start":{"line":3,"column":17},"end":{"line":3,"column":18}},"loc":{"start":{"line":3,"column":43},"end":{"line":50,"column":1}},"line":3},"1":{"name":"(anonymous_1)","decl":{"start":{"line":10,"column":4},"end":{"line":10,"column":5}},"loc":{"start":{"line":10,"column":29},"end":{"line":14,"column":5}},"line":10}},"branchMap":{},"s":{"0":6,"1":6,"2":6,"3":6,"4":6,"5":6},"f":{"0":6,"1":6},"b":{},"_coverageSchema":"1a1c01bbd47fc00a2c39e90264f33305004495a9","hash":"1ca4d8f6e405b508b1e5c0b0c09381510c142828"}
,"C:\\Users\\Whisnu B\\Documents\\PROJECT\\Final-project-hope\\Final-Project\\server\\app\\models\\userprofile.js": {"path":"C:\\Users\\Whisnu B\\Documents\\PROJECT\\Final-project-hope\\Final-Project\\server\\app\\models\\userprofile.js","statementMap":{"0":{"start":{"line":2,"column":18},"end":{"line":2,"column":38}},"1":{"start":{"line":3,"column":0},"end":{"line":105,"column":2}},"2":{"start":{"line":12,"column":6},"end":{"line":12,"column":41}},"3":{"start":{"line":13,"column":6},"end":{"line":13,"column":42}},"4":{"start":{"line":16,"column":2},"end":{"line":103,"column":4}},"5":{"start":{"line":104,"column":2},"end":{"line":104,"column":21}}},"fnMap":{"0":{"name":"(anonymous_0)","decl":{"start":{"line":3,"column":17},"end":{"line":3,"column":18}},"loc":{"start":{"line":3,"column":43},"end":{"line":105,"column":1}},"line":3},"1":{"name":"(anonymous_1)","decl":{"start":{"line":10,"column":4},"end":{"line":10,"column":5}},"loc":{"start":{"line":10,"column":29},"end":{"line":14,"column":5}},"line":10}},"branchMap":{},"s":{"0":6,"1":6,"2":6,"3":6,"4":6,"5":6},"f":{"0":6,"1":6},"b":{},"_coverageSchema":"1a1c01bbd47fc00a2c39e90264f33305004495a9","hash":"ea411c7c26f044a6baec72354fafc4ab61290360"}
,"C:\\Users\\Whisnu B\\Documents\\PROJECT\\Final-project-hope\\Final-Project\\server\\app\\routes\\LogRouter.js": {"path":"C:\\Users\\Whisnu B\\Documents\\PROJECT\\Final-project-hope\\Final-Project\\server\\app\\routes\\LogRouter.js","statementMap":{"0":{"start":{"line":1,"column":12},"end":{"line":1,"column":39}},"1":{"start":{"line":4,"column":22},"end":{"line":4,"column":61}},"2":{"start":{"line":6,"column":0},"end":{"line":6,"column":34}},"3":{"start":{"line":7,"column":0},"end":{"line":7,"column":36}},"4":{"start":{"line":9,"column":0},"end":{"line":9,"column":20}}},"fnMap":{},"branchMap":{},"s":{"0":6,"1":6,"2":6,"3":6,"4":6},"f":{},"b":{},"_coverageSchema":"1a1c01bbd47fc00a2c39e90264f33305004495a9","hash":"91a288927e545f7a209f4bf420d1e60f64fb52e1"}
,"C:\\Users\\Whisnu B\\Documents\\PROJECT\\Final-project-hope\\Final-Project\\server\\app\\routes\\UserContentRouter.js": {"path":"C:\\Users\\Whisnu B\\Documents\\PROJECT\\Final-project-hope\\Final-Project\\server\\app\\routes\\UserContentRouter.js","statementMap":{"0":{"start":{"line":1,"column":20},"end":{"line":1,"column":47}},"1":{"start":{"line":2,"column":31},"end":{"line":2,"column":79}},"2":{"start":{"line":3,"column":27},"end":{"line":3,"column":65}},"3":{"start":{"line":5,"column":0},"end":{"line":5,"column":62}},"4":{"start":{"line":6,"column":0},"end":{"line":6,"column":60}},"5":{"start":{"line":7,"column":0},"end":{"line":7,"column":69}},"6":{"start":{"line":8,"column":0},"end":{"line":8,"column":63}},"7":{"start":{"line":9,"column":0},"end":{"line":9,"column":60}},"8":{"start":{"line":11,"column":0},"end":{"line":11,"column":29}}},"fnMap":{},"branchMap":{},"s":{"0":6,"1":6,"2":6,"3":6,"4":6,"5":6,"6":6,"7":6,"8":6},"f":{},"b":{},"_coverageSchema":"1a1c01bbd47fc00a2c39e90264f33305004495a9","hash":"8b3554f7325075c8c3664c4f7edd56d3d111a53e"}
,"C:\\Users\\Whisnu B\\Documents\\PROJECT\\Final-project-hope\\Final-Project\\server\\app\\routes\\contentRouter.js": {"path":"C:\\Users\\Whisnu B\\Documents\\PROJECT\\Final-project-hope\\Final-Project\\server\\app\\routes\\contentRouter.js","statementMap":{"0":{"start":{"line":1,"column":16},"end":{"line":1,"column":34}},"1":{"start":{"line":2,"column":15},"end":{"line":2,"column":31}},"2":{"start":{"line":3,"column":26},"end":{"line":3,"column":69}},"3":{"start":{"line":5,"column":0},"end":{"line":5,"column":46}},"4":{"start":{"line":6,"column":0},"end":{"line":6,"column":48}},"5":{"start":{"line":8,"column":0},"end":{"line":8,"column":51}},"6":{"start":{"line":9,"column":0},"end":{"line":9,"column":50}},"7":{"start":{"line":10,"column":0},"end":{"line":10,"column":55}},"8":{"start":{"line":11,"column":0},"end":{"line":11,"column":49}},"9":{"start":{"line":13,"column":0},"end":{"line":13,"column":23}}},"fnMap":{},"branchMap":{},"s":{"0":6,"1":6,"2":6,"3":6,"4":6,"5":6,"6":6,"7":6,"8":6,"9":6},"f":{},"b":{},"_coverageSchema":"1a1c01bbd47fc00a2c39e90264f33305004495a9","hash":"ee7be91b1f81a487a67816b8b83023d930b0ca54"}
,"C:\\Users\\Whisnu B\\Documents\\PROJECT\\Final-project-hope\\Final-Project\\server\\app\\routes\\index.js": {"path":"C:\\Users\\Whisnu B\\Documents\\PROJECT\\Final-project-hope\\Final-Project\\server\\app\\routes\\index.js","statementMap":{"0":{"start":{"line":1,"column":15},"end":{"line":1,"column":42}},"1":{"start":{"line":2,"column":25},"end":{"line":2,"column":63}},"2":{"start":{"line":5,"column":19},"end":{"line":5,"column":42}},"3":{"start":{"line":6,"column":26},"end":{"line":6,"column":56}},"4":{"start":{"line":7,"column":22},"end":{"line":7,"column":48}},"5":{"start":{"line":8,"column":20},"end":{"line":8,"column":50}},"6":{"start":{"line":9,"column":18},"end":{"line":9,"column":40}},"7":{"start":{"line":11,"column":0},"end":{"line":11,"column":37}},"8":{"start":{"line":12,"column":0},"end":{"line":16,"column":2}},"9":{"start":{"line":17,"column":0},"end":{"line":21,"column":2}},"10":{"start":{"line":22,"column":0},"end":{"line":26,"column":1}},"11":{"start":{"line":27,"column":0},"end":{"line":31,"column":1}},"12":{"start":{"line":33,"column":0},"end":{"line":33,"column":23}}},"fnMap":{},"branchMap":{},"s":{"0":6,"1":6,"2":6,"3":6,"4":6,"5":6,"6":6,"7":6,"8":6,"9":6,"10":6,"11":6,"12":6},"f":{},"b":{},"_coverageSchema":"1a1c01bbd47fc00a2c39e90264f33305004495a9","hash":"046f922c36fddc3700722d31963adfd8960cecc2"}
,"C:\\Users\\Whisnu B\\Documents\\PROJECT\\Final-project-hope\\Final-Project\\server\\app\\routes\\userProfileRouter.js": {"path":"C:\\Users\\Whisnu B\\Documents\\PROJECT\\Final-project-hope\\Final-Project\\server\\app\\routes\\userProfileRouter.js","statementMap":{"0":{"start":{"line":1,"column":26},"end":{"line":1,"column":53}},"1":{"start":{"line":2,"column":31},"end":{"line":2,"column":79}},"2":{"start":{"line":4,"column":0},"end":{"line":4,"column":70}},"3":{"start":{"line":5,"column":0},"end":{"line":5,"column":66}},"4":{"start":{"line":6,"column":0},"end":{"line":9,"column":2}},"5":{"start":{"line":14,"column":0},"end":{"line":14,"column":35}}},"fnMap":{},"branchMap":{},"s":{"0":6,"1":6,"2":6,"3":6,"4":6,"5":6},"f":{},"b":{},"_coverageSchema":"1a1c01bbd47fc00a2c39e90264f33305004495a9","hash":"52bfbfa6b54219484171c1598a289fe3903e1616"}
,"C:\\Users\\Whisnu B\\Documents\\PROJECT\\Final-project-hope\\Final-Project\\server\\app\\routes\\userRouter.js": {"path":"C:\\Users\\Whisnu B\\Documents\\PROJECT\\Final-project-hope\\Final-Project\\server\\app\\routes\\userRouter.js","statementMap":{"0":{"start":{"line":1,"column":19},"end":{"line":1,"column":46}},"1":{"start":{"line":2,"column":23},"end":{"line":2,"column":63}},"2":{"start":{"line":3,"column":25},"end":{"line":3,"column":63}},"3":{"start":{"line":5,"column":0},"end":{"line":5,"column":58}},"4":{"start":{"line":6,"column":0},"end":{"line":6,"column":52}},"5":{"start":{"line":7,"column":0},"end":{"line":7,"column":48}},"6":{"start":{"line":8,"column":0},"end":{"line":8,"column":52}},"7":{"start":{"line":9,"column":0},"end":{"line":9,"column":60}},"8":{"start":{"line":10,"column":0},"end":{"line":10,"column":51}},"9":{"start":{"line":12,"column":0},"end":{"line":12,"column":59}},"10":{"start":{"line":14,"column":0},"end":{"line":14,"column":28}}},"fnMap":{},"branchMap":{},"s":{"0":6,"1":6,"2":6,"3":6,"4":6,"5":6,"6":6,"7":6,"8":6,"9":6,"10":6},"f":{},"b":{},"_coverageSchema":"1a1c01bbd47fc00a2c39e90264f33305004495a9","hash":"050acc383794fc249b01ce0c81b985dbaccc486f"}
}
