{"/Users/ariesastra/Site/hacktiv8/phase3/Final-Project/server/app/app.js": {"path":"/Users/ariesastra/Site/hacktiv8/phase3/Final-Project/server/app/app.js","statementMap":{"0":{"start":{"line":1,"column":0},"end":{"line":1,"column":74}},"1":{"start":{"line":1,"column":45},"end":{"line":1,"column":72}},"2":{"start":{"line":2,"column":16},"end":{"line":2,"column":34}},"3":{"start":{"line":3,"column":12},"end":{"line":3,"column":21}},"4":{"start":{"line":4,"column":13},"end":{"line":4,"column":28}},"5":{"start":{"line":7,"column":0},"end":{"line":7,"column":16}},"6":{"start":{"line":8,"column":0},"end":{"line":8,"column":24}},"7":{"start":{"line":9,"column":0},"end":{"line":9,"column":48}},"8":{"start":{"line":12,"column":14},"end":{"line":12,"column":33}},"9":{"start":{"line":13,"column":0},"end":{"line":13,"column":14}},"10":{"start":{"line":16,"column":21},"end":{"line":16,"column":58}},"11":{"start":{"line":17,"column":0},"end":{"line":17,"column":22}},"12":{"start":{"line":19,"column":0},"end":{"line":19,"column":21}}},"fnMap":{},"branchMap":{"0":{"loc":{"start":{"line":1,"column":0},"end":{"line":1,"column":74}},"type":"if","locations":[{"start":{"line":1,"column":0},"end":{"line":1,"column":74}},{"start":{},"end":{}}],"line":1}},"s":{"0":4,"1":4,"2":4,"3":4,"4":4,"5":4,"6":4,"7":4,"8":4,"9":4,"10":4,"11":4,"12":4},"f":{},"b":{"0":[4,0]},"_coverageSchema":"1a1c01bbd47fc00a2c39e90264f33305004495a9","hash":"71155259fa045d5505124dc5407bbe69fb15e1ce"}
,"/Users/ariesastra/Site/hacktiv8/phase3/Final-Project/server/app/controllers/LogController.js": {"path":"/Users/ariesastra/Site/hacktiv8/phase3/Final-Project/server/app/controllers/LogController.js","statementMap":{"0":{"start":{"line":1,"column":29},"end":{"line":1,"column":55}},"1":{"start":{"line":5,"column":4},"end":{"line":28,"column":5}},"2":{"start":{"line":6,"column":33},"end":{"line":6,"column":41}},"3":{"start":{"line":7,"column":29},"end":{"line":7,"column":37}},"4":{"start":{"line":8,"column":6},"end":{"line":8,"column":44}},"5":{"start":{"line":9,"column":24},"end":{"line":15,"column":8}},"6":{"start":{"line":17,"column":6},"end":{"line":17,"column":29}},"7":{"start":{"line":18,"column":18},"end":{"line":24,"column":8}},"8":{"start":{"line":25,"column":6},"end":{"line":25,"column":32}},"9":{"start":{"line":27,"column":6},"end":{"line":27,"column":18}},"10":{"start":{"line":32,"column":4},"end":{"line":44,"column":5}},"11":{"start":{"line":33,"column":29},"end":{"line":33,"column":37}},"12":{"start":{"line":35,"column":22},"end":{"line":39,"column":8}},"13":{"start":{"line":40,"column":6},"end":{"line":40,"column":35}},"14":{"start":{"line":41,"column":6},"end":{"line":41,"column":36}},"15":{"start":{"line":43,"column":6},"end":{"line":43,"column":18}},"16":{"start":{"line":48,"column":0},"end":{"line":48,"column":31}}},"fnMap":{"0":{"name":"(anonymous_0)","decl":{"start":{"line":4,"column":2},"end":{"line":4,"column":3}},"loc":{"start":{"line":4,"column":39},"end":{"line":29,"column":3}},"line":4},"1":{"name":"(anonymous_1)","decl":{"start":{"line":31,"column":2},"end":{"line":31,"column":3}},"loc":{"start":{"line":31,"column":38},"end":{"line":45,"column":3}},"line":31}},"branchMap":{},"s":{"0":4,"1":0,"2":0,"3":0,"4":0,"5":0,"6":0,"7":0,"8":0,"9":0,"10":0,"11":0,"12":0,"13":0,"14":0,"15":0,"16":4},"f":{"0":0,"1":0},"b":{},"_coverageSchema":"1a1c01bbd47fc00a2c39e90264f33305004495a9","hash":"4d6767a104248ce3e907996bd2e069307dd5ff6d"}
,"/Users/ariesastra/Site/hacktiv8/phase3/Final-Project/server/app/controllers/UserContentsController.js": {"path":"/Users/ariesastra/Site/hacktiv8/phase3/Final-Project/server/app/controllers/UserContentsController.js","statementMap":{"0":{"start":{"line":7,"column":4},"end":{"line":7,"column":24}},"1":{"start":{"line":11,"column":4},"end":{"line":29,"column":5}},"2":{"start":{"line":12,"column":27},"end":{"line":12,"column":35}},"3":{"start":{"line":17,"column":10},"end":{"line":17,"column":18}},"4":{"start":{"line":19,"column":26},"end":{"line":24,"column":8}},"5":{"start":{"line":26,"column":6},"end":{"line":26,"column":39}},"6":{"start":{"line":28,"column":6},"end":{"line":28,"column":17}},"7":{"start":{"line":33,"column":4},"end":{"line":55,"column":5}},"8":{"start":{"line":34,"column":26},"end":{"line":50,"column":8}},"9":{"start":{"line":52,"column":6},"end":{"line":52,"column":39}},"10":{"start":{"line":54,"column":6},"end":{"line":54,"column":17}},"11":{"start":{"line":59,"column":4},"end":{"line":87,"column":5}},"12":{"start":{"line":60,"column":21},"end":{"line":60,"column":31}},"13":{"start":{"line":61,"column":32},"end":{"line":82,"column":8}},"14":{"start":{"line":84,"column":6},"end":{"line":84,"column":45}},"15":{"start":{"line":86,"column":6},"end":{"line":86,"column":17}},"16":{"start":{"line":91,"column":4},"end":{"line":217,"column":5}},"17":{"start":{"line":92,"column":32},"end":{"line":92,"column":42}},"18":{"start":{"line":93,"column":29},"end":{"line":93,"column":37}},"19":{"start":{"line":95,"column":26},"end":{"line":99,"column":8}},"20":{"start":{"line":100,"column":6},"end":{"line":100,"column":58}},"21":{"start":{"line":100,"column":24},"end":{"line":100,"column":58}},"22":{"start":{"line":102,"column":24},"end":{"line":106,"column":8}},"23":{"start":{"line":109,"column":6},"end":{"line":109,"column":29}},"24":{"start":{"line":110,"column":22},"end":{"line":110,"column":39}},"25":{"start":{"line":111,"column":22},"end":{"line":115,"column":8}},"26":{"start":{"line":116,"column":28},"end":{"line":116,"column":56}},"27":{"start":{"line":117,"column":6},"end":{"line":117,"column":42}},"28":{"start":{"line":122,"column":6},"end":{"line":212,"column":7}},"29":{"start":{"line":124,"column":8},"end":{"line":130,"column":10}},"30":{"start":{"line":131,"column":8},"end":{"line":131,"column":19}},"31":{"start":{"line":132,"column":8},"end":{"line":132,"column":70}},"32":{"start":{"line":135,"column":8},"end":{"line":141,"column":10}},"33":{"start":{"line":144,"column":26},"end":{"line":148,"column":10}},"34":{"start":{"line":151,"column":23},"end":{"line":155,"column":10}},"35":{"start":{"line":157,"column":8},"end":{"line":211,"column":9}},"36":{"start":{"line":158,"column":10},"end":{"line":158,"column":21}},"37":{"start":{"line":159,"column":10},"end":{"line":159,"column":57}},"38":{"start":{"line":161,"column":10},"end":{"line":210,"column":11}},"39":{"start":{"line":163,"column":28},"end":{"line":173,"column":13}},"40":{"start":{"line":176,"column":12},"end":{"line":182,"column":14}},"41":{"start":{"line":184,"column":12},"end":{"line":184,"column":23}},"42":{"start":{"line":185,"column":12},"end":{"line":185,"column":74}},"43":{"start":{"line":187,"column":12},"end":{"line":196,"column":14}},"44":{"start":{"line":199,"column":12},"end":{"line":199,"column":41}},"45":{"start":{"line":200,"column":12},"end":{"line":206,"column":14}},"46":{"start":{"line":208,"column":12},"end":{"line":208,"column":23}},"47":{"start":{"line":209,"column":12},"end":{"line":209,"column":76}},"48":{"start":{"line":214,"column":6},"end":{"line":214,"column":41}},"49":{"start":{"line":216,"column":6},"end":{"line":216,"column":17}},"50":{"start":{"line":221,"column":0},"end":{"line":221,"column":39}}},"fnMap":{"0":{"name":"(anonymous_0)","decl":{"start":{"line":10,"column":2},"end":{"line":10,"column":3}},"loc":{"start":{"line":10,"column":47},"end":{"line":30,"column":3}},"line":10},"1":{"name":"(anonymous_1)","decl":{"start":{"line":32,"column":2},"end":{"line":32,"column":3}},"loc":{"start":{"line":32,"column":46},"end":{"line":56,"column":3}},"line":32},"2":{"name":"(anonymous_2)","decl":{"start":{"line":58,"column":2},"end":{"line":58,"column":3}},"loc":{"start":{"line":58,"column":52},"end":{"line":88,"column":3}},"line":58},"3":{"name":"(anonymous_3)","decl":{"start":{"line":90,"column":2},"end":{"line":90,"column":3}},"loc":{"start":{"line":90,"column":46},"end":{"line":218,"column":3}},"line":90}},"branchMap":{"0":{"loc":{"start":{"line":15,"column":8},"end":{"line":15,"column":22}},"type":"default-arg","locations":[{"start":{"line":15,"column":17},"end":{"line":15,"column":22}}],"line":15},"1":{"loc":{"start":{"line":16,"column":8},"end":{"line":16,"column":26}},"type":"default-arg","locations":[{"start":{"line":16,"column":17},"end":{"line":16,"column":26}}],"line":16},"2":{"loc":{"start":{"line":100,"column":6},"end":{"line":100,"column":58}},"type":"if","locations":[{"start":{"line":100,"column":6},"end":{"line":100,"column":58}},{"start":{},"end":{}}],"line":100},"3":{"loc":{"start":{"line":122,"column":6},"end":{"line":212,"column":7}},"type":"if","locations":[{"start":{"line":122,"column":6},"end":{"line":212,"column":7}},{"start":{"line":133,"column":13},"end":{"line":212,"column":7}}],"line":122},"4":{"loc":{"start":{"line":157,"column":8},"end":{"line":211,"column":9}},"type":"if","locations":[{"start":{"line":157,"column":8},"end":{"line":211,"column":9}},{"start":{"line":160,"column":15},"end":{"line":211,"column":9}}],"line":157},"5":{"loc":{"start":{"line":161,"column":10},"end":{"line":210,"column":11}},"type":"if","locations":[{"start":{"line":161,"column":10},"end":{"line":210,"column":11}},{"start":{"line":186,"column":17},"end":{"line":210,"column":11}}],"line":161}},"s":{"0":4,"1":0,"2":0,"3":0,"4":0,"5":0,"6":0,"7":0,"8":0,"9":0,"10":0,"11":0,"12":0,"13":0,"14":0,"15":0,"16":0,"17":0,"18":0,"19":0,"20":0,"21":0,"22":0,"23":0,"24":0,"25":0,"26":0,"27":0,"28":0,"29":0,"30":0,"31":0,"32":0,"33":0,"34":0,"35":0,"36":0,"37":0,"38":0,"39":0,"40":0,"41":0,"42":0,"43":0,"44":0,"45":0,"46":0,"47":0,"48":0,"49":0,"50":4},"f":{"0":0,"1":0,"2":0,"3":0},"b":{"0":[0],"1":[0],"2":[0,0],"3":[0,0],"4":[0,0],"5":[0,0]},"_coverageSchema":"1a1c01bbd47fc00a2c39e90264f33305004495a9","hash":"8e4c457831ada0a3b3722cef66988c810f831297"}
,"/Users/ariesastra/Site/hacktiv8/phase3/Final-Project/server/app/controllers/contentController.js": {"path":"/Users/ariesastra/Site/hacktiv8/phase3/Final-Project/server/app/controllers/contentController.js","statementMap":{"0":{"start":{"line":1,"column":26},"end":{"line":1,"column":52}},"1":{"start":{"line":4,"column":20},"end":{"line":19,"column":1}},"2":{"start":{"line":5,"column":4},"end":{"line":18,"column":5}},"3":{"start":{"line":6,"column":23},"end":{"line":13,"column":10}},"4":{"start":{"line":15,"column":8},"end":{"line":15,"column":36}},"5":{"start":{"line":17,"column":8},"end":{"line":17,"column":17}},"6":{"start":{"line":21,"column":22},"end":{"line":41,"column":1}},"7":{"start":{"line":22,"column":4},"end":{"line":40,"column":5}},"8":{"start":{"line":23,"column":23},"end":{"line":23,"column":33}},"9":{"start":{"line":24,"column":23},"end":{"line":32,"column":5}},"10":{"start":{"line":33,"column":4},"end":{"line":35,"column":5}},"11":{"start":{"line":34,"column":8},"end":{"line":34,"column":42}},"12":{"start":{"line":36,"column":8},"end":{"line":36,"column":36}},"13":{"start":{"line":39,"column":8},"end":{"line":39,"column":17}},"14":{"start":{"line":43,"column":21},"end":{"line":60,"column":1}},"15":{"start":{"line":44,"column":4},"end":{"line":59,"column":5}},"16":{"start":{"line":45,"column":87},"end":{"line":45,"column":95}},"17":{"start":{"line":46,"column":23},"end":{"line":54,"column":10}},"18":{"start":{"line":56,"column":8},"end":{"line":56,"column":36}},"19":{"start":{"line":58,"column":8},"end":{"line":58,"column":17}},"20":{"start":{"line":62,"column":21},"end":{"line":93,"column":1}},"21":{"start":{"line":63,"column":4},"end":{"line":92,"column":5}},"22":{"start":{"line":65,"column":23},"end":{"line":65,"column":33}},"23":{"start":{"line":74,"column":12},"end":{"line":74,"column":20}},"24":{"start":{"line":76,"column":28},"end":{"line":76,"column":54}},"25":{"start":{"line":77,"column":8},"end":{"line":79,"column":9}},"26":{"start":{"line":78,"column":12},"end":{"line":78,"column":46}},"27":{"start":{"line":81,"column":23},"end":{"line":87,"column":10}},"28":{"start":{"line":89,"column":8},"end":{"line":89,"column":42}},"29":{"start":{"line":91,"column":8},"end":{"line":91,"column":17}},"30":{"start":{"line":95,"column":22},"end":{"line":110,"column":1}},"31":{"start":{"line":96,"column":4},"end":{"line":109,"column":4}},"32":{"start":{"line":97,"column":21},"end":{"line":97,"column":31}},"33":{"start":{"line":98,"column":27},"end":{"line":98,"column":53}},"34":{"start":{"line":99,"column":8},"end":{"line":101,"column":9}},"35":{"start":{"line":100,"column":12},"end":{"line":100,"column":46}},"36":{"start":{"line":102,"column":23},"end":{"line":104,"column":10}},"37":{"start":{"line":105,"column":8},"end":{"line":105,"column":78}},"38":{"start":{"line":107,"column":7},"end":{"line":107,"column":18}},"39":{"start":{"line":113,"column":18},"end":{"line":159,"column":1}},"40":{"start":{"line":114,"column":4},"end":{"line":157,"column":2}},"41":{"start":{"line":116,"column":23},"end":{"line":116,"column":33}},"42":{"start":{"line":117,"column":31},"end":{"line":117,"column":39}},"43":{"start":{"line":119,"column":28},"end":{"line":119,"column":54}},"44":{"start":{"line":121,"column":8},"end":{"line":123,"column":9}},"45":{"start":{"line":122,"column":12},"end":{"line":122,"column":46}},"46":{"start":{"line":125,"column":23},"end":{"line":131,"column":10}},"47":{"start":{"line":132,"column":8},"end":{"line":152,"column":9}},"48":{"start":{"line":133,"column":12},"end":{"line":133,"column":33}},"49":{"start":{"line":134,"column":28},"end":{"line":141,"column":14}},"50":{"start":{"line":142,"column":14},"end":{"line":152,"column":9}},"51":{"start":{"line":143,"column":12},"end":{"line":143,"column":33}},"52":{"start":{"line":144,"column":28},"end":{"line":151,"column":14}},"53":{"start":{"line":153,"column":8},"end":{"line":153,"column":56}},"54":{"start":{"line":154,"column":12},"end":{"line":154,"column":46}},"55":{"start":{"line":156,"column":8},"end":{"line":156,"column":17}},"56":{"start":{"line":161,"column":0},"end":{"line":161,"column":95}}},"fnMap":{"0":{"name":"(anonymous_0)","decl":{"start":{"line":4,"column":20},"end":{"line":4,"column":21}},"loc":{"start":{"line":4,"column":46},"end":{"line":19,"column":1}},"line":4},"1":{"name":"(anonymous_1)","decl":{"start":{"line":21,"column":22},"end":{"line":21,"column":23}},"loc":{"start":{"line":21,"column":46},"end":{"line":41,"column":1}},"line":21},"2":{"name":"(anonymous_2)","decl":{"start":{"line":43,"column":21},"end":{"line":43,"column":22}},"loc":{"start":{"line":43,"column":45},"end":{"line":60,"column":1}},"line":43},"3":{"name":"(anonymous_3)","decl":{"start":{"line":62,"column":21},"end":{"line":62,"column":22}},"loc":{"start":{"line":62,"column":45},"end":{"line":93,"column":1}},"line":62},"4":{"name":"(anonymous_4)","decl":{"start":{"line":95,"column":22},"end":{"line":95,"column":23}},"loc":{"start":{"line":95,"column":46},"end":{"line":110,"column":1}},"line":95},"5":{"name":"(anonymous_5)","decl":{"start":{"line":113,"column":18},"end":{"line":113,"column":19}},"loc":{"start":{"line":113,"column":42},"end":{"line":159,"column":1}},"line":113}},"branchMap":{"0":{"loc":{"start":{"line":33,"column":4},"end":{"line":35,"column":5}},"type":"if","locations":[{"start":{"line":33,"column":4},"end":{"line":35,"column":5}},{"start":{},"end":{}}],"line":33},"1":{"loc":{"start":{"line":77,"column":8},"end":{"line":79,"column":9}},"type":"if","locations":[{"start":{"line":77,"column":8},"end":{"line":79,"column":9}},{"start":{},"end":{}}],"line":77},"2":{"loc":{"start":{"line":99,"column":8},"end":{"line":101,"column":9}},"type":"if","locations":[{"start":{"line":99,"column":8},"end":{"line":101,"column":9}},{"start":{},"end":{}}],"line":99},"3":{"loc":{"start":{"line":121,"column":8},"end":{"line":123,"column":9}},"type":"if","locations":[{"start":{"line":121,"column":8},"end":{"line":123,"column":9}},{"start":{},"end":{}}],"line":121},"4":{"loc":{"start":{"line":132,"column":8},"end":{"line":152,"column":9}},"type":"if","locations":[{"start":{"line":132,"column":8},"end":{"line":152,"column":9}},{"start":{"line":142,"column":14},"end":{"line":152,"column":9}}],"line":132},"5":{"loc":{"start":{"line":142,"column":14},"end":{"line":152,"column":9}},"type":"if","locations":[{"start":{"line":142,"column":14},"end":{"line":152,"column":9}},{"start":{},"end":{}}],"line":142}},"s":{"0":4,"1":4,"2":0,"3":0,"4":0,"5":0,"6":4,"7":0,"8":0,"9":0,"10":0,"11":0,"12":0,"13":0,"14":4,"15":0,"16":0,"17":0,"18":0,"19":0,"20":4,"21":0,"22":0,"23":0,"24":0,"25":0,"26":0,"27":0,"28":0,"29":0,"30":4,"31":0,"32":0,"33":0,"34":0,"35":0,"36":0,"37":0,"38":0,"39":4,"40":0,"41":0,"42":0,"43":0,"44":0,"45":0,"46":0,"47":0,"48":0,"49":0,"50":0,"51":0,"52":0,"53":0,"54":0,"55":0,"56":4},"f":{"0":0,"1":0,"2":0,"3":0,"4":0,"5":0},"b":{"0":[0,0],"1":[0,0],"2":[0,0],"3":[0,0],"4":[0,0],"5":[0,0]},"_coverageSchema":"1a1c01bbd47fc00a2c39e90264f33305004495a9","hash":"94f30033a6a7a846c1629f3f2c2739c4b7ea30f5"}
,"/Users/ariesastra/Site/hacktiv8/phase3/Final-Project/server/app/controllers/userController.js": {"path":"/Users/ariesastra/Site/hacktiv8/phase3/Final-Project/server/app/controllers/userController.js","statementMap":{"0":{"start":{"line":1,"column":20},"end":{"line":1,"column":48}},"1":{"start":{"line":2,"column":31},"end":{"line":2,"column":57}},"2":{"start":{"line":3,"column":17},"end":{"line":3,"column":42}},"3":{"start":{"line":4,"column":19},"end":{"line":4,"column":40}},"4":{"start":{"line":8,"column":42},"end":{"line":8,"column":50}},"5":{"start":{"line":9,"column":22},"end":{"line":15,"column":6}},"6":{"start":{"line":16,"column":16},"end":{"line":24,"column":5}},"7":{"start":{"line":26,"column":4},"end":{"line":32,"column":7}},"8":{"start":{"line":27,"column":6},"end":{"line":31,"column":7}},"9":{"start":{"line":28,"column":8},"end":{"line":28,"column":38}},"10":{"start":{"line":30,"column":8},"end":{"line":30,"column":43}},"11":{"start":{"line":34,"column":18},"end":{"line":40,"column":5}},"12":{"start":{"line":42,"column":4},"end":{"line":53,"column":5}},"13":{"start":{"line":43,"column":20},"end":{"line":43,"column":46}},"14":{"start":{"line":44,"column":6},"end":{"line":50,"column":9}},"15":{"start":{"line":52,"column":6},"end":{"line":52,"column":16}},"16":{"start":{"line":57,"column":4},"end":{"line":78,"column":5}},"17":{"start":{"line":58,"column":34},"end":{"line":58,"column":42}},"18":{"start":{"line":59,"column":6},"end":{"line":59,"column":58}},"19":{"start":{"line":59,"column":31},"end":{"line":59,"column":58}},"20":{"start":{"line":60,"column":19},"end":{"line":60,"column":59}},"21":{"start":{"line":61,"column":6},"end":{"line":63,"column":7}},"22":{"start":{"line":62,"column":8},"end":{"line":62,"column":34}},"23":{"start":{"line":65,"column":22},"end":{"line":71,"column":7}},"24":{"start":{"line":72,"column":20},"end":{"line":72,"column":33}},"25":{"start":{"line":73,"column":6},"end":{"line":75,"column":9}},"26":{"start":{"line":77,"column":6},"end":{"line":77,"column":16}},"27":{"start":{"line":82,"column":4},"end":{"line":91,"column":5}},"28":{"start":{"line":83,"column":20},"end":{"line":87,"column":8}},"29":{"start":{"line":88,"column":6},"end":{"line":88,"column":34}},"30":{"start":{"line":90,"column":6},"end":{"line":90,"column":16}},"31":{"start":{"line":95,"column":4},"end":{"line":111,"column":5}},"32":{"start":{"line":96,"column":27},"end":{"line":96,"column":35}},"33":{"start":{"line":97,"column":21},"end":{"line":97,"column":31}},"34":{"start":{"line":98,"column":26},"end":{"line":108,"column":7}},"35":{"start":{"line":110,"column":6},"end":{"line":110,"column":16}},"36":{"start":{"line":115,"column":4},"end":{"line":119,"column":20}},"37":{"start":{"line":116,"column":21},"end":{"line":116,"column":42}},"38":{"start":{"line":118,"column":6},"end":{"line":118,"column":35}},"39":{"start":{"line":123,"column":4},"end":{"line":127,"column":20}},"40":{"start":{"line":124,"column":21},"end":{"line":124,"column":42}},"41":{"start":{"line":126,"column":6},"end":{"line":126,"column":35}},"42":{"start":{"line":131,"column":4},"end":{"line":138,"column":20}},"43":{"start":{"line":132,"column":21},"end":{"line":132,"column":31}},"44":{"start":{"line":133,"column":21},"end":{"line":135,"column":8}},"45":{"start":{"line":137,"column":6},"end":{"line":137,"column":35}},"46":{"start":{"line":142,"column":0},"end":{"line":142,"column":32}}},"fnMap":{"0":{"name":"(anonymous_0)","decl":{"start":{"line":7,"column":2},"end":{"line":7,"column":3}},"loc":{"start":{"line":7,"column":44},"end":{"line":54,"column":3}},"line":7},"1":{"name":"(anonymous_1)","decl":{"start":{"line":26,"column":32},"end":{"line":26,"column":33}},"loc":{"start":{"line":26,"column":47},"end":{"line":32,"column":5}},"line":26},"2":{"name":"(anonymous_2)","decl":{"start":{"line":56,"column":2},"end":{"line":56,"column":3}},"loc":{"start":{"line":56,"column":41},"end":{"line":79,"column":3}},"line":56},"3":{"name":"(anonymous_3)","decl":{"start":{"line":81,"column":2},"end":{"line":81,"column":3}},"loc":{"start":{"line":81,"column":40},"end":{"line":92,"column":3}},"line":81},"4":{"name":"(anonymous_4)","decl":{"start":{"line":94,"column":2},"end":{"line":94,"column":3}},"loc":{"start":{"line":94,"column":41},"end":{"line":112,"column":3}},"line":94},"5":{"name":"(anonymous_5)","decl":{"start":{"line":114,"column":2},"end":{"line":114,"column":3}},"loc":{"start":{"line":114,"column":42},"end":{"line":120,"column":3}},"line":114},"6":{"name":"(anonymous_6)","decl":{"start":{"line":122,"column":2},"end":{"line":122,"column":3}},"loc":{"start":{"line":122,"column":41},"end":{"line":128,"column":3}},"line":122},"7":{"name":"(anonymous_7)","decl":{"start":{"line":130,"column":2},"end":{"line":130,"column":3}},"loc":{"start":{"line":130,"column":46},"end":{"line":139,"column":3}},"line":130}},"branchMap":{"0":{"loc":{"start":{"line":27,"column":6},"end":{"line":31,"column":7}},"type":"if","locations":[{"start":{"line":27,"column":6},"end":{"line":31,"column":7}},{"start":{"line":29,"column":13},"end":{"line":31,"column":7}}],"line":27},"1":{"loc":{"start":{"line":59,"column":6},"end":{"line":59,"column":58}},"type":"if","locations":[{"start":{"line":59,"column":6},"end":{"line":59,"column":58}},{"start":{},"end":{}}],"line":59},"2":{"loc":{"start":{"line":59,"column":10},"end":{"line":59,"column":29}},"type":"binary-expr","locations":[{"start":{"line":59,"column":10},"end":{"line":59,"column":16}},{"start":{"line":59,"column":20},"end":{"line":59,"column":29}}],"line":59},"3":{"loc":{"start":{"line":61,"column":6},"end":{"line":63,"column":7}},"type":"if","locations":[{"start":{"line":61,"column":6},"end":{"line":63,"column":7}},{"start":{},"end":{}}],"line":61},"4":{"loc":{"start":{"line":61,"column":10},"end":{"line":61,"column":52}},"type":"binary-expr","locations":[{"start":{"line":61,"column":10},"end":{"line":61,"column":15}},{"start":{"line":61,"column":19},"end":{"line":61,"column":52}}],"line":61}},"s":{"0":4,"1":4,"2":4,"3":4,"4":8,"5":8,"6":8,"7":8,"8":0,"9":0,"10":0,"11":8,"12":8,"13":8,"14":0,"15":8,"16":6,"17":6,"18":6,"19":2,"20":4,"21":0,"22":0,"23":0,"24":0,"25":0,"26":6,"27":0,"28":0,"29":0,"30":0,"31":0,"32":0,"33":0,"34":0,"35":0,"36":0,"37":0,"38":0,"39":0,"40":0,"41":0,"42":0,"43":0,"44":0,"45":0,"46":4},"f":{"0":8,"1":0,"2":6,"3":0,"4":0,"5":0,"6":0,"7":0},"b":{"0":[0,0],"1":[2,4],"2":[6,5],"3":[0,0],"4":[0,0]},"_coverageSchema":"1a1c01bbd47fc00a2c39e90264f33305004495a9","hash":"9d064af9cfbf9c7f0850d00e4fdb09650a400fe6"}
,"/Users/ariesastra/Site/hacktiv8/phase3/Final-Project/server/app/controllers/userProfilesController.js": {"path":"/Users/ariesastra/Site/hacktiv8/phase3/Final-Project/server/app/controllers/userProfilesController.js","statementMap":{"0":{"start":{"line":1,"column":42},"end":{"line":1,"column":62}},"1":{"start":{"line":2,"column":14},"end":{"line":2,"column":30}},"2":{"start":{"line":3,"column":22},"end":{"line":3,"column":42}},"3":{"start":{"line":7,"column":14},"end":{"line":7,"column":43}},"4":{"start":{"line":8,"column":4},"end":{"line":119,"column":5}},"5":{"start":{"line":9,"column":29},"end":{"line":9,"column":37}},"6":{"start":{"line":18,"column":10},"end":{"line":18,"column":18}},"7":{"start":{"line":20,"column":6},"end":{"line":29,"column":38}},"8":{"start":{"line":29,"column":8},"end":{"line":29,"column":38}},"9":{"start":{"line":31,"column":20},"end":{"line":31,"column":21}},"10":{"start":{"line":33,"column":17},"end":{"line":33,"column":37}},"11":{"start":{"line":34,"column":18},"end":{"line":34,"column":25}},"12":{"start":{"line":35,"column":20},"end":{"line":35,"column":27}},"13":{"start":{"line":36,"column":19},"end":{"line":36,"column":26}},"14":{"start":{"line":38,"column":18},"end":{"line":38,"column":28}},"15":{"start":{"line":39,"column":22},"end":{"line":39,"column":48}},"16":{"start":{"line":40,"column":16},"end":{"line":40,"column":61}},"17":{"start":{"line":42,"column":20},"end":{"line":51,"column":8}},"18":{"start":{"line":53,"column":6},"end":{"line":66,"column":7}},"19":{"start":{"line":58,"column":8},"end":{"line":58,"column":20}},"20":{"start":{"line":59,"column":13},"end":{"line":66,"column":7}},"21":{"start":{"line":63,"column":8},"end":{"line":63,"column":20}},"22":{"start":{"line":65,"column":8},"end":{"line":65,"column":20}},"23":{"start":{"line":68,"column":30},"end":{"line":79,"column":7}},"24":{"start":{"line":82,"column":6},"end":{"line":91,"column":8}},"25":{"start":{"line":93,"column":6},"end":{"line":103,"column":8}},"26":{"start":{"line":105,"column":6},"end":{"line":105,"column":23}},"27":{"start":{"line":107,"column":24},"end":{"line":111,"column":8}},"28":{"start":{"line":113,"column":6},"end":{"line":115,"column":9}},"29":{"start":{"line":117,"column":6},"end":{"line":117,"column":25}},"30":{"start":{"line":118,"column":6},"end":{"line":118,"column":16}},"31":{"start":{"line":123,"column":4},"end":{"line":141,"column":5}},"32":{"start":{"line":124,"column":29},"end":{"line":124,"column":37}},"33":{"start":{"line":125,"column":6},"end":{"line":134,"column":8}},"34":{"start":{"line":136,"column":6},"end":{"line":138,"column":9}},"35":{"start":{"line":140,"column":6},"end":{"line":140,"column":16}},"36":{"start":{"line":145,"column":4},"end":{"line":174,"column":5}},"37":{"start":{"line":146,"column":21},"end":{"line":146,"column":32}},"38":{"start":{"line":147,"column":23},"end":{"line":159,"column":8}},"39":{"start":{"line":161,"column":24},"end":{"line":166,"column":8}},"40":{"start":{"line":168,"column":6},"end":{"line":171,"column":9}},"41":{"start":{"line":173,"column":6},"end":{"line":173,"column":16}},"42":{"start":{"line":178,"column":0},"end":{"line":178,"column":40}}},"fnMap":{"0":{"name":"(anonymous_0)","decl":{"start":{"line":6,"column":2},"end":{"line":6,"column":3}},"loc":{"start":{"line":6,"column":49},"end":{"line":120,"column":3}},"line":6},"1":{"name":"(anonymous_1)","decl":{"start":{"line":122,"column":2},"end":{"line":122,"column":3}},"loc":{"start":{"line":122,"column":50},"end":{"line":142,"column":3}},"line":122},"2":{"name":"(anonymous_2)","decl":{"start":{"line":144,"column":2},"end":{"line":144,"column":3}},"loc":{"start":{"line":144,"column":46},"end":{"line":175,"column":3}},"line":144}},"branchMap":{"0":{"loc":{"start":{"line":20,"column":6},"end":{"line":29,"column":38}},"type":"if","locations":[{"start":{"line":20,"column":6},"end":{"line":29,"column":38}},{"start":{},"end":{}}],"line":20},"1":{"loc":{"start":{"line":21,"column":8},"end":{"line":27,"column":14}},"type":"binary-expr","locations":[{"start":{"line":21,"column":8},"end":{"line":21,"column":15}},{"start":{"line":22,"column":8},"end":{"line":22,"column":15}},{"start":{"line":23,"column":8},"end":{"line":23,"column":22}},{"start":{"line":24,"column":8},"end":{"line":24,"column":20}},{"start":{"line":25,"column":8},"end":{"line":25,"column":15}},{"start":{"line":26,"column":8},"end":{"line":26,"column":18}},{"start":{"line":27,"column":8},"end":{"line":27,"column":14}}],"line":21},"2":{"loc":{"start":{"line":53,"column":6},"end":{"line":66,"column":7}},"type":"if","locations":[{"start":{"line":53,"column":6},"end":{"line":66,"column":7}},{"start":{"line":59,"column":13},"end":{"line":66,"column":7}}],"line":53},"3":{"loc":{"start":{"line":54,"column":8},"end":{"line":56,"column":51}},"type":"binary-expr","locations":[{"start":{"line":54,"column":8},"end":{"line":54,"column":53}},{"start":{"line":55,"column":8},"end":{"line":55,"column":55}},{"start":{"line":56,"column":8},"end":{"line":56,"column":51}}],"line":54},"4":{"loc":{"start":{"line":59,"column":13},"end":{"line":66,"column":7}},"type":"if","locations":[{"start":{"line":59,"column":13},"end":{"line":66,"column":7}},{"start":{"line":64,"column":13},"end":{"line":66,"column":7}}],"line":59},"5":{"loc":{"start":{"line":60,"column":8},"end":{"line":61,"column":52}},"type":"binary-expr","locations":[{"start":{"line":60,"column":8},"end":{"line":60,"column":44}},{"start":{"line":61,"column":8},"end":{"line":61,"column":52}}],"line":60}},"s":{"0":4,"1":4,"2":4,"3":0,"4":0,"5":0,"6":0,"7":0,"8":0,"9":0,"10":0,"11":0,"12":0,"13":0,"14":0,"15":0,"16":0,"17":0,"18":0,"19":0,"20":0,"21":0,"22":0,"23":0,"24":0,"25":0,"26":0,"27":0,"28":0,"29":0,"30":0,"31":0,"32":0,"33":0,"34":0,"35":0,"36":0,"37":0,"38":0,"39":0,"40":0,"41":0,"42":4},"f":{"0":0,"1":0,"2":0},"b":{"0":[0,0],"1":[0,0,0,0,0,0,0],"2":[0,0],"3":[0,0,0],"4":[0,0],"5":[0,0]},"_coverageSchema":"1a1c01bbd47fc00a2c39e90264f33305004495a9","hash":"f17a3c7e3458f2f019835e298809f1c67f3e92d7"}
,"/Users/ariesastra/Site/hacktiv8/phase3/Final-Project/server/app/helpers/bcrypt.js": {"path":"/Users/ariesastra/Site/hacktiv8/phase3/Final-Project/server/app/helpers/bcrypt.js","statementMap":{"0":{"start":{"line":1,"column":15},"end":{"line":1,"column":34}},"1":{"start":{"line":4,"column":15},"end":{"line":4,"column":36}},"2":{"start":{"line":5,"column":2},"end":{"line":5,"column":41}},"3":{"start":{"line":9,"column":2},"end":{"line":9,"column":54}},"4":{"start":{"line":12,"column":0},"end":{"line":12,"column":35}}},"fnMap":{"0":{"name":"hash","decl":{"start":{"line":3,"column":9},"end":{"line":3,"column":13}},"loc":{"start":{"line":3,"column":24},"end":{"line":6,"column":1}},"line":3},"1":{"name":"compare","decl":{"start":{"line":8,"column":9},"end":{"line":8,"column":16}},"loc":{"start":{"line":8,"column":43},"end":{"line":10,"column":1}},"line":8}},"branchMap":{},"s":{"0":4,"1":4,"2":4,"3":0,"4":4},"f":{"0":4,"1":0},"b":{},"_coverageSchema":"1a1c01bbd47fc00a2c39e90264f33305004495a9","hash":"f85a88983f2edea8fcf035764f11488424567b45"}
,"/Users/ariesastra/Site/hacktiv8/phase3/Final-Project/server/app/helpers/jwt.js": {"path":"/Users/ariesastra/Site/hacktiv8/phase3/Final-Project/server/app/helpers/jwt.js","statementMap":{"0":{"start":{"line":1,"column":12},"end":{"line":1,"column":35}},"1":{"start":{"line":4,"column":2},"end":{"line":4,"column":54}},"2":{"start":{"line":8,"column":2},"end":{"line":8,"column":61}},"3":{"start":{"line":11,"column":0},"end":{"line":11,"column":34}}},"fnMap":{"0":{"name":"sign","decl":{"start":{"line":3,"column":9},"end":{"line":3,"column":13}},"loc":{"start":{"line":3,"column":23},"end":{"line":5,"column":1}},"line":3},"1":{"name":"verify","decl":{"start":{"line":7,"column":9},"end":{"line":7,"column":15}},"loc":{"start":{"line":7,"column":30},"end":{"line":9,"column":1}},"line":7}},"branchMap":{},"s":{"0":4,"1":0,"2":1,"3":4},"f":{"0":0,"1":1},"b":{},"_coverageSchema":"1a1c01bbd47fc00a2c39e90264f33305004495a9","hash":"f66f54c9afc1ddeaf8619a220fd3a6ade38ac488"}
,"/Users/ariesastra/Site/hacktiv8/phase3/Final-Project/server/app/middlewares/authenticate.js": {"path":"/Users/ariesastra/Site/hacktiv8/phase3/Final-Project/server/app/middlewares/authenticate.js","statementMap":{"0":{"start":{"line":1,"column":19},"end":{"line":1,"column":44}},"1":{"start":{"line":2,"column":17},"end":{"line":2,"column":37}},"2":{"start":{"line":4,"column":21},"end":{"line":20,"column":1}},"3":{"start":{"line":5,"column":2},"end":{"line":19,"column":3}},"4":{"start":{"line":6,"column":29},"end":{"line":6,"column":40}},"5":{"start":{"line":7,"column":20},"end":{"line":7,"column":40}},"6":{"start":{"line":8,"column":4},"end":{"line":10,"column":5}},"7":{"start":{"line":9,"column":6},"end":{"line":9,"column":39}},"8":{"start":{"line":12,"column":4},"end":{"line":14,"column":6}},"9":{"start":{"line":16,"column":4},"end":{"line":16,"column":11}},"10":{"start":{"line":18,"column":4},"end":{"line":18,"column":14}},"11":{"start":{"line":22,"column":0},"end":{"line":24,"column":2}}},"fnMap":{"0":{"name":"(anonymous_0)","decl":{"start":{"line":4,"column":21},"end":{"line":4,"column":22}},"loc":{"start":{"line":4,"column":47},"end":{"line":20,"column":1}},"line":4}},"branchMap":{"0":{"loc":{"start":{"line":8,"column":4},"end":{"line":10,"column":5}},"type":"if","locations":[{"start":{"line":8,"column":4},"end":{"line":10,"column":5}},{"start":{},"end":{}}],"line":8}},"s":{"0":4,"1":4,"2":4,"3":1,"4":1,"5":1,"6":0,"7":0,"8":0,"9":0,"10":1,"11":4},"f":{"0":1},"b":{"0":[0,0]},"_coverageSchema":"1a1c01bbd47fc00a2c39e90264f33305004495a9","hash":"6bd61d05638611d912f90d22692930ab61132f78"}
,"/Users/ariesastra/Site/hacktiv8/phase3/Final-Project/server/app/middlewares/errorHandler.js": {"path":"/Users/ariesastra/Site/hacktiv8/phase3/Final-Project/server/app/middlewares/errorHandler.js","statementMap":{"0":{"start":{"line":1,"column":21},"end":{"line":33,"column":1}},"1":{"start":{"line":2,"column":2},"end":{"line":2,"column":21}},"2":{"start":{"line":3,"column":2},"end":{"line":32,"column":3}},"3":{"start":{"line":6,"column":6},"end":{"line":6,"column":74}},"4":{"start":{"line":6,"column":59},"end":{"line":6,"column":69}},"5":{"start":{"line":7,"column":6},"end":{"line":7,"column":12}},"6":{"start":{"line":9,"column":6},"end":{"line":9,"column":56}},"7":{"start":{"line":10,"column":6},"end":{"line":10,"column":12}},"8":{"start":{"line":12,"column":6},"end":{"line":12,"column":71}},"9":{"start":{"line":13,"column":6},"end":{"line":13,"column":12}},"10":{"start":{"line":15,"column":6},"end":{"line":15,"column":64}},"11":{"start":{"line":16,"column":6},"end":{"line":16,"column":12}},"12":{"start":{"line":18,"column":6},"end":{"line":18,"column":55}},"13":{"start":{"line":19,"column":6},"end":{"line":19,"column":12}},"14":{"start":{"line":21,"column":6},"end":{"line":21,"column":55}},"15":{"start":{"line":22,"column":6},"end":{"line":22,"column":12}},"16":{"start":{"line":24,"column":6},"end":{"line":24,"column":59}},"17":{"start":{"line":25,"column":6},"end":{"line":25,"column":12}},"18":{"start":{"line":27,"column":6},"end":{"line":27,"column":68}},"19":{"start":{"line":28,"column":6},"end":{"line":28,"column":12}},"20":{"start":{"line":30,"column":6},"end":{"line":30,"column":63}},"21":{"start":{"line":31,"column":6},"end":{"line":31,"column":12}},"22":{"start":{"line":35,"column":0},"end":{"line":35,"column":30}}},"fnMap":{"0":{"name":"(anonymous_0)","decl":{"start":{"line":1,"column":21},"end":{"line":1,"column":22}},"loc":{"start":{"line":1,"column":46},"end":{"line":33,"column":1}},"line":1},"1":{"name":"(anonymous_1)","decl":{"start":{"line":6,"column":51},"end":{"line":6,"column":52}},"loc":{"start":{"line":6,"column":59},"end":{"line":6,"column":69}},"line":6}},"branchMap":{"0":{"loc":{"start":{"line":3,"column":2},"end":{"line":32,"column":3}},"type":"switch","locations":[{"start":{"line":4,"column":4},"end":{"line":4,"column":36}},{"start":{"line":5,"column":4},"end":{"line":7,"column":12}},{"start":{"line":8,"column":4},"end":{"line":10,"column":12}},{"start":{"line":11,"column":4},"end":{"line":13,"column":12}},{"start":{"line":14,"column":4},"end":{"line":16,"column":12}},{"start":{"line":17,"column":4},"end":{"line":19,"column":12}},{"start":{"line":20,"column":4},"end":{"line":22,"column":12}},{"start":{"line":23,"column":4},"end":{"line":25,"column":12}},{"start":{"line":26,"column":4},"end":{"line":28,"column":12}},{"start":{"line":29,"column":4},"end":{"line":31,"column":12}}],"line":3}},"s":{"0":4,"1":15,"2":15,"3":6,"4":7,"5":6,"6":0,"7":0,"8":2,"9":2,"10":0,"11":0,"12":1,"13":1,"14":0,"15":0,"16":0,"17":0,"18":0,"19":0,"20":6,"21":6,"22":4},"f":{"0":15,"1":7},"b":{"0":[6,6,0,2,0,1,0,0,0,6]},"_coverageSchema":"1a1c01bbd47fc00a2c39e90264f33305004495a9","hash":"912d91e0a57c002a32db02028962253d6aad2c0a"}
,"/Users/ariesastra/Site/hacktiv8/phase3/Final-Project/server/app/models/coach.js": {"path":"/Users/ariesastra/Site/hacktiv8/phase3/Final-Project/server/app/models/coach.js","statementMap":{"0":{"start":{"line":4,"column":4},"end":{"line":4,"column":24}},"1":{"start":{"line":5,"column":0},"end":{"line":26,"column":2}},"2":{"start":{"line":16,"column":2},"end":{"line":24,"column":5}},"3":{"start":{"line":25,"column":2},"end":{"line":25,"column":15}}},"fnMap":{"0":{"name":"(anonymous_0)","decl":{"start":{"line":5,"column":17},"end":{"line":5,"column":18}},"loc":{"start":{"line":5,"column":43},"end":{"line":26,"column":1}},"line":5},"1":{"name":"(anonymous_1)","decl":{"start":{"line":12,"column":4},"end":{"line":12,"column":5}},"loc":{"start":{"line":12,"column":29},"end":{"line":14,"column":5}},"line":12}},"branchMap":{},"s":{"0":4,"1":4,"2":4,"3":4},"f":{"0":4,"1":4},"b":{},"_coverageSchema":"1a1c01bbd47fc00a2c39e90264f33305004495a9","hash":"ca128356cb29f548b2a67c84c091e5005187dbaa"}
,"/Users/ariesastra/Site/hacktiv8/phase3/Final-Project/server/app/models/content.js": {"path":"/Users/ariesastra/Site/hacktiv8/phase3/Final-Project/server/app/models/content.js","statementMap":{"0":{"start":{"line":2,"column":18},"end":{"line":2,"column":38}},"1":{"start":{"line":3,"column":0},"end":{"line":79,"column":2}},"2":{"start":{"line":12,"column":6},"end":{"line":12,"column":37}},"3":{"start":{"line":13,"column":6},"end":{"line":13,"column":41}},"4":{"start":{"line":16,"column":2},"end":{"line":77,"column":5}},"5":{"start":{"line":78,"column":2},"end":{"line":78,"column":17}}},"fnMap":{"0":{"name":"(anonymous_0)","decl":{"start":{"line":3,"column":17},"end":{"line":3,"column":18}},"loc":{"start":{"line":3,"column":43},"end":{"line":79,"column":1}},"line":3},"1":{"name":"(anonymous_1)","decl":{"start":{"line":10,"column":4},"end":{"line":10,"column":5}},"loc":{"start":{"line":10,"column":29},"end":{"line":14,"column":5}},"line":10}},"branchMap":{},"s":{"0":4,"1":4,"2":4,"3":4,"4":4,"5":4},"f":{"0":4,"1":4},"b":{},"_coverageSchema":"1a1c01bbd47fc00a2c39e90264f33305004495a9","hash":"083c8bb127a5d5dafdf9cd517a20644b5b8eaabb"}
,"/Users/ariesastra/Site/hacktiv8/phase3/Final-Project/server/app/models/index.js": {"path":"/Users/ariesastra/Site/hacktiv8/phase3/Final-Project/server/app/models/index.js","statementMap":{"0":{"start":{"line":3,"column":11},"end":{"line":3,"column":24}},"1":{"start":{"line":4,"column":13},"end":{"line":4,"column":28}},"2":{"start":{"line":5,"column":18},"end":{"line":5,"column":38}},"3":{"start":{"line":6,"column":17},"end":{"line":6,"column":42}},"4":{"start":{"line":7,"column":12},"end":{"line":7,"column":49}},"5":{"start":{"line":8,"column":15},"end":{"line":8,"column":65}},"6":{"start":{"line":9,"column":11},"end":{"line":9,"column":13}},"7":{"start":{"line":12,"column":0},"end":{"line":16,"column":1}},"8":{"start":{"line":13,"column":2},"end":{"line":13,"column":74}},"9":{"start":{"line":15,"column":2},"end":{"line":15,"column":87}},"10":{"start":{"line":18,"column":0},"end":{"line":26,"column":5}},"11":{"start":{"line":21,"column":4},"end":{"line":21,"column":90}},"12":{"start":{"line":24,"column":18},"end":{"line":24,"column":85}},"13":{"start":{"line":25,"column":4},"end":{"line":25,"column":27}},"14":{"start":{"line":28,"column":0},"end":{"line":32,"column":3}},"15":{"start":{"line":29,"column":2},"end":{"line":31,"column":3}},"16":{"start":{"line":30,"column":4},"end":{"line":30,"column":32}},"17":{"start":{"line":34,"column":0},"end":{"line":34,"column":25}},"18":{"start":{"line":35,"column":0},"end":{"line":35,"column":25}},"19":{"start":{"line":37,"column":0},"end":{"line":37,"column":20}}},"fnMap":{"0":{"name":"(anonymous_0)","decl":{"start":{"line":20,"column":10},"end":{"line":20,"column":11}},"loc":{"start":{"line":20,"column":18},"end":{"line":22,"column":3}},"line":20},"1":{"name":"(anonymous_1)","decl":{"start":{"line":23,"column":11},"end":{"line":23,"column":12}},"loc":{"start":{"line":23,"column":19},"end":{"line":26,"column":3}},"line":23},"2":{"name":"(anonymous_2)","decl":{"start":{"line":28,"column":24},"end":{"line":28,"column":25}},"loc":{"start":{"line":28,"column":37},"end":{"line":32,"column":1}},"line":28}},"branchMap":{"0":{"loc":{"start":{"line":7,"column":12},"end":{"line":7,"column":49}},"type":"binary-expr","locations":[{"start":{"line":7,"column":12},"end":{"line":7,"column":32}},{"start":{"line":7,"column":36},"end":{"line":7,"column":49}}],"line":7},"1":{"loc":{"start":{"line":12,"column":0},"end":{"line":16,"column":1}},"type":"if","locations":[{"start":{"line":12,"column":0},"end":{"line":16,"column":1}},{"start":{"line":14,"column":7},"end":{"line":16,"column":1}}],"line":12},"2":{"loc":{"start":{"line":21,"column":11},"end":{"line":21,"column":89}},"type":"binary-expr","locations":[{"start":{"line":21,"column":12},"end":{"line":21,"column":35}},{"start":{"line":21,"column":41},"end":{"line":21,"column":58}},{"start":{"line":21,"column":64},"end":{"line":21,"column":88}}],"line":21},"3":{"loc":{"start":{"line":29,"column":2},"end":{"line":31,"column":3}},"type":"if","locations":[{"start":{"line":29,"column":2},"end":{"line":31,"column":3}},{"start":{},"end":{}}],"line":29}},"s":{"0":4,"1":4,"2":4,"3":4,"4":4,"5":4,"6":4,"7":4,"8":0,"9":4,"10":4,"11":32,"12":28,"13":28,"14":4,"15":28,"16":28,"17":4,"18":4,"19":4},"f":{"0":32,"1":28,"2":28},"b":{"0":[4,0],"1":[0,4],"2":[32,32,28],"3":[28,0]},"_coverageSchema":"1a1c01bbd47fc00a2c39e90264f33305004495a9","hash":"b20cb5984a3b0294201c36699f426bc26a9cadb0"}
,"/Users/ariesastra/Site/hacktiv8/phase3/Final-Project/server/app/models/level.js": {"path":"/Users/ariesastra/Site/hacktiv8/phase3/Final-Project/server/app/models/level.js","statementMap":{"0":{"start":{"line":2,"column":18},"end":{"line":2,"column":38}},"1":{"start":{"line":3,"column":0},"end":{"line":28,"column":2}},"2":{"start":{"line":12,"column":6},"end":{"line":12,"column":40}},"3":{"start":{"line":13,"column":6},"end":{"line":13,"column":36}},"4":{"start":{"line":14,"column":6},"end":{"line":14,"column":32}},"5":{"start":{"line":17,"column":2},"end":{"line":26,"column":4}},"6":{"start":{"line":27,"column":2},"end":{"line":27,"column":15}}},"fnMap":{"0":{"name":"(anonymous_0)","decl":{"start":{"line":3,"column":17},"end":{"line":3,"column":18}},"loc":{"start":{"line":3,"column":43},"end":{"line":28,"column":1}},"line":3},"1":{"name":"(anonymous_1)","decl":{"start":{"line":10,"column":4},"end":{"line":10,"column":5}},"loc":{"start":{"line":10,"column":29},"end":{"line":15,"column":5}},"line":10}},"branchMap":{},"s":{"0":4,"1":4,"2":4,"3":4,"4":4,"5":4,"6":4},"f":{"0":4,"1":4},"b":{},"_coverageSchema":"1a1c01bbd47fc00a2c39e90264f33305004495a9","hash":"c7329ce3761319d10fd26e474d13f9a5909f7986"}
,"/Users/ariesastra/Site/hacktiv8/phase3/Final-Project/server/app/models/log.js": {"path":"/Users/ariesastra/Site/hacktiv8/phase3/Final-Project/server/app/models/log.js","statementMap":{"0":{"start":{"line":4,"column":4},"end":{"line":4,"column":24}},"1":{"start":{"line":5,"column":0},"end":{"line":59,"column":2}},"2":{"start":{"line":14,"column":6},"end":{"line":14,"column":33}},"3":{"start":{"line":15,"column":6},"end":{"line":15,"column":32}},"4":{"start":{"line":18,"column":2},"end":{"line":57,"column":5}},"5":{"start":{"line":58,"column":2},"end":{"line":58,"column":13}}},"fnMap":{"0":{"name":"(anonymous_0)","decl":{"start":{"line":5,"column":17},"end":{"line":5,"column":18}},"loc":{"start":{"line":5,"column":43},"end":{"line":59,"column":1}},"line":5},"1":{"name":"(anonymous_1)","decl":{"start":{"line":12,"column":4},"end":{"line":12,"column":5}},"loc":{"start":{"line":12,"column":29},"end":{"line":16,"column":5}},"line":12}},"branchMap":{},"s":{"0":4,"1":4,"2":4,"3":4,"4":4,"5":4},"f":{"0":4,"1":4},"b":{},"_coverageSchema":"1a1c01bbd47fc00a2c39e90264f33305004495a9","hash":"251cfc10362c222bbbc8488b948aa5414d2bfc3c"}
,"/Users/ariesastra/Site/hacktiv8/phase3/Final-Project/server/app/models/user.js": {"path":"/Users/ariesastra/Site/hacktiv8/phase3/Final-Project/server/app/models/user.js","statementMap":{"0":{"start":{"line":2,"column":18},"end":{"line":2,"column":38}},"1":{"start":{"line":3,"column":17},"end":{"line":3,"column":45}},"2":{"start":{"line":4,"column":0},"end":{"line":70,"column":2}},"3":{"start":{"line":13,"column":6},"end":{"line":13,"column":38}},"4":{"start":{"line":14,"column":6},"end":{"line":14,"column":31}},"5":{"start":{"line":17,"column":2},"end":{"line":68,"column":4}},"6":{"start":{"line":64,"column":10},"end":{"line":64,"column":54}},"7":{"start":{"line":69,"column":2},"end":{"line":69,"column":14}}},"fnMap":{"0":{"name":"(anonymous_0)","decl":{"start":{"line":4,"column":17},"end":{"line":4,"column":18}},"loc":{"start":{"line":4,"column":43},"end":{"line":70,"column":1}},"line":4},"1":{"name":"(anonymous_1)","decl":{"start":{"line":11,"column":4},"end":{"line":11,"column":5}},"loc":{"start":{"line":11,"column":29},"end":{"line":15,"column":5}},"line":11},"2":{"name":"(anonymous_2)","decl":{"start":{"line":63,"column":22},"end":{"line":63,"column":23}},"loc":{"start":{"line":63,"column":45},"end":{"line":65,"column":9}},"line":63}},"branchMap":{},"s":{"0":4,"1":4,"2":4,"3":4,"4":4,"5":4,"6":4,"7":4},"f":{"0":4,"1":4,"2":4},"b":{},"_coverageSchema":"1a1c01bbd47fc00a2c39e90264f33305004495a9","hash":"ea624b6dc1bf63237f720a0d7faeea97dd4b95a6"}
,"/Users/ariesastra/Site/hacktiv8/phase3/Final-Project/server/app/models/usercontent.js": {"path":"/Users/ariesastra/Site/hacktiv8/phase3/Final-Project/server/app/models/usercontent.js","statementMap":{"0":{"start":{"line":4,"column":4},"end":{"line":4,"column":24}},"1":{"start":{"line":5,"column":0},"end":{"line":45,"column":2}},"2":{"start":{"line":14,"column":6},"end":{"line":14,"column":40}},"3":{"start":{"line":15,"column":6},"end":{"line":15,"column":43}},"4":{"start":{"line":18,"column":2},"end":{"line":43,"column":5}},"5":{"start":{"line":44,"column":2},"end":{"line":44,"column":21}}},"fnMap":{"0":{"name":"(anonymous_0)","decl":{"start":{"line":5,"column":17},"end":{"line":5,"column":18}},"loc":{"start":{"line":5,"column":43},"end":{"line":45,"column":1}},"line":5},"1":{"name":"(anonymous_1)","decl":{"start":{"line":12,"column":4},"end":{"line":12,"column":5}},"loc":{"start":{"line":12,"column":29},"end":{"line":16,"column":5}},"line":12}},"branchMap":{},"s":{"0":4,"1":4,"2":4,"3":4,"4":4,"5":4},"f":{"0":4,"1":4},"b":{},"_coverageSchema":"1a1c01bbd47fc00a2c39e90264f33305004495a9","hash":"dd6183be8e8563198c6584854967ce91236bbe43"}
,"/Users/ariesastra/Site/hacktiv8/phase3/Final-Project/server/app/models/userprofile.js": {"path":"/Users/ariesastra/Site/hacktiv8/phase3/Final-Project/server/app/models/userprofile.js","statementMap":{"0":{"start":{"line":2,"column":18},"end":{"line":2,"column":38}},"1":{"start":{"line":3,"column":0},"end":{"line":81,"column":2}},"2":{"start":{"line":12,"column":6},"end":{"line":12,"column":41}},"3":{"start":{"line":13,"column":6},"end":{"line":13,"column":42}},"4":{"start":{"line":16,"column":2},"end":{"line":79,"column":4}},"5":{"start":{"line":80,"column":2},"end":{"line":80,"column":21}}},"fnMap":{"0":{"name":"(anonymous_0)","decl":{"start":{"line":3,"column":17},"end":{"line":3,"column":18}},"loc":{"start":{"line":3,"column":43},"end":{"line":81,"column":1}},"line":3},"1":{"name":"(anonymous_1)","decl":{"start":{"line":10,"column":4},"end":{"line":10,"column":5}},"loc":{"start":{"line":10,"column":29},"end":{"line":14,"column":5}},"line":10}},"branchMap":{},"s":{"0":4,"1":4,"2":4,"3":4,"4":4,"5":4},"f":{"0":4,"1":4},"b":{},"_coverageSchema":"1a1c01bbd47fc00a2c39e90264f33305004495a9","hash":"93ac7cccb03587dda9bf53297a58167053d23fb4"}
,"/Users/ariesastra/Site/hacktiv8/phase3/Final-Project/server/app/routes/LogRouter.js": {"path":"/Users/ariesastra/Site/hacktiv8/phase3/Final-Project/server/app/routes/LogRouter.js","statementMap":{"0":{"start":{"line":1,"column":12},"end":{"line":1,"column":39}},"1":{"start":{"line":4,"column":22},"end":{"line":4,"column":61}},"2":{"start":{"line":6,"column":0},"end":{"line":6,"column":34}},"3":{"start":{"line":7,"column":0},"end":{"line":7,"column":36}},"4":{"start":{"line":9,"column":0},"end":{"line":9,"column":20}}},"fnMap":{},"branchMap":{},"s":{"0":4,"1":4,"2":4,"3":4,"4":4},"f":{},"b":{},"_coverageSchema":"1a1c01bbd47fc00a2c39e90264f33305004495a9","hash":"321e456b4ec36baa8139fb2e631f38293077205b"}
,"/Users/ariesastra/Site/hacktiv8/phase3/Final-Project/server/app/routes/UserContentRouter.js": {"path":"/Users/ariesastra/Site/hacktiv8/phase3/Final-Project/server/app/routes/UserContentRouter.js","statementMap":{"0":{"start":{"line":1,"column":20},"end":{"line":1,"column":47}},"1":{"start":{"line":2,"column":31},"end":{"line":2,"column":79}},"2":{"start":{"line":3,"column":27},"end":{"line":3,"column":65}},"3":{"start":{"line":5,"column":0},"end":{"line":5,"column":61}},"4":{"start":{"line":6,"column":0},"end":{"line":6,"column":59}},"5":{"start":{"line":7,"column":0},"end":{"line":7,"column":68}},"6":{"start":{"line":8,"column":0},"end":{"line":8,"column":62}},"7":{"start":{"line":10,"column":0},"end":{"line":10,"column":28}}},"fnMap":{},"branchMap":{},"s":{"0":4,"1":4,"2":4,"3":4,"4":4,"5":4,"6":4,"7":4},"f":{},"b":{},"_coverageSchema":"1a1c01bbd47fc00a2c39e90264f33305004495a9","hash":"340fb160a27333519584208daec7528173ef0a80"}
,"/Users/ariesastra/Site/hacktiv8/phase3/Final-Project/server/app/routes/contentRouter.js": {"path":"/Users/ariesastra/Site/hacktiv8/phase3/Final-Project/server/app/routes/contentRouter.js","statementMap":{"0":{"start":{"line":1,"column":16},"end":{"line":1,"column":34}},"1":{"start":{"line":2,"column":15},"end":{"line":2,"column":31}},"2":{"start":{"line":3,"column":26},"end":{"line":3,"column":69}},"3":{"start":{"line":5,"column":0},"end":{"line":5,"column":46}},"4":{"start":{"line":6,"column":0},"end":{"line":6,"column":48}},"5":{"start":{"line":8,"column":0},"end":{"line":8,"column":51}},"6":{"start":{"line":9,"column":0},"end":{"line":9,"column":50}},"7":{"start":{"line":10,"column":0},"end":{"line":10,"column":55}},"8":{"start":{"line":11,"column":0},"end":{"line":11,"column":49}},"9":{"start":{"line":13,"column":0},"end":{"line":13,"column":23}}},"fnMap":{},"branchMap":{},"s":{"0":4,"1":4,"2":4,"3":4,"4":4,"5":4,"6":4,"7":4,"8":4,"9":4},"f":{},"b":{},"_coverageSchema":"1a1c01bbd47fc00a2c39e90264f33305004495a9","hash":"12d7bbde79bca947e4eb4280a184b3135647579c"}
,"/Users/ariesastra/Site/hacktiv8/phase3/Final-Project/server/app/routes/index.js": {"path":"/Users/ariesastra/Site/hacktiv8/phase3/Final-Project/server/app/routes/index.js","statementMap":{"0":{"start":{"line":1,"column":15},"end":{"line":1,"column":42}},"1":{"start":{"line":2,"column":25},"end":{"line":2,"column":63}},"2":{"start":{"line":5,"column":19},"end":{"line":5,"column":42}},"3":{"start":{"line":6,"column":26},"end":{"line":6,"column":56}},"4":{"start":{"line":7,"column":22},"end":{"line":7,"column":48}},"5":{"start":{"line":8,"column":20},"end":{"line":8,"column":50}},"6":{"start":{"line":9,"column":18},"end":{"line":9,"column":40}},"7":{"start":{"line":11,"column":0},"end":{"line":11,"column":37}},"8":{"start":{"line":12,"column":0},"end":{"line":16,"column":2}},"9":{"start":{"line":17,"column":0},"end":{"line":21,"column":2}},"10":{"start":{"line":22,"column":0},"end":{"line":26,"column":1}},"11":{"start":{"line":27,"column":0},"end":{"line":31,"column":1}},"12":{"start":{"line":33,"column":0},"end":{"line":33,"column":23}}},"fnMap":{},"branchMap":{},"s":{"0":4,"1":4,"2":4,"3":4,"4":4,"5":4,"6":4,"7":4,"8":4,"9":4,"10":4,"11":4,"12":4},"f":{},"b":{},"_coverageSchema":"1a1c01bbd47fc00a2c39e90264f33305004495a9","hash":"67c4fa19c2c984892f8688b3bdec4b0cf9251e59"}
,"/Users/ariesastra/Site/hacktiv8/phase3/Final-Project/server/app/routes/userProfileRouter.js": {"path":"/Users/ariesastra/Site/hacktiv8/phase3/Final-Project/server/app/routes/userProfileRouter.js","statementMap":{"0":{"start":{"line":1,"column":26},"end":{"line":1,"column":53}},"1":{"start":{"line":2,"column":31},"end":{"line":2,"column":79}},"2":{"start":{"line":4,"column":0},"end":{"line":4,"column":66}},"3":{"start":{"line":5,"column":0},"end":{"line":5,"column":70}},"4":{"start":{"line":6,"column":0},"end":{"line":6,"column":66}},"5":{"start":{"line":7,"column":0},"end":{"line":7,"column":82}},"6":{"start":{"line":9,"column":0},"end":{"line":9,"column":35}}},"fnMap":{},"branchMap":{},"s":{"0":4,"1":4,"2":4,"3":4,"4":4,"5":4,"6":4},"f":{},"b":{},"_coverageSchema":"1a1c01bbd47fc00a2c39e90264f33305004495a9","hash":"d0797a518dd8d77d120ea82e2b06cc605784ab70"}
,"/Users/ariesastra/Site/hacktiv8/phase3/Final-Project/server/app/routes/userRouter.js": {"path":"/Users/ariesastra/Site/hacktiv8/phase3/Final-Project/server/app/routes/userRouter.js","statementMap":{"0":{"start":{"line":1,"column":19},"end":{"line":1,"column":46}},"1":{"start":{"line":2,"column":23},"end":{"line":2,"column":63}},"2":{"start":{"line":3,"column":25},"end":{"line":3,"column":63}},"3":{"start":{"line":5,"column":0},"end":{"line":5,"column":58}},"4":{"start":{"line":6,"column":0},"end":{"line":6,"column":52}},"5":{"start":{"line":7,"column":0},"end":{"line":7,"column":51}},"6":{"start":{"line":8,"column":0},"end":{"line":8,"column":52}},"7":{"start":{"line":9,"column":0},"end":{"line":9,"column":60}},"8":{"start":{"line":10,"column":0},"end":{"line":10,"column":51}},"9":{"start":{"line":12,"column":0},"end":{"line":12,"column":59}},"10":{"start":{"line":14,"column":0},"end":{"line":14,"column":28}}},"fnMap":{},"branchMap":{},"s":{"0":4,"1":4,"2":4,"3":4,"4":4,"5":4,"6":4,"7":4,"8":4,"9":4,"10":4},"f":{},"b":{},"_coverageSchema":"1a1c01bbd47fc00a2c39e90264f33305004495a9","hash":"748a12c2f10b2bd4fbcc6f10ce3b0f9a27c193bc"}
}
