TN:
SF:app.js
FNF:0
FNH:0
DA:1,7
DA:3,7
DA:4,7
DA:5,7
DA:8,7
DA:9,7
DA:10,7
DA:13,7
DA:14,7
DA:17,7
DA:18,7
DA:20,7
LF:12
LH:12
BRF:0
BRH:0
end_of_record
TN:
SF:controllers\LogController.js
FN:5,(anonymous_0)
FN:47,(anonymous_1)
FNF:2
FNH:2
FNDA:2,(anonymous_0)
FNDA:2,(anonymous_1)
DA:1,7
DA:2,7
DA:6,2
DA:7,2
DA:8,2
DA:9,2
DA:10,2
DA:11,2
DA:12,2
DA:14,2
DA:24,1
DA:25,1
DA:32,1
DA:33,1
DA:41,1
DA:43,1
DA:48,2
DA:49,2
DA:51,2
DA:56,1
DA:57,1
DA:59,1
DA:64,7
LF:23
LH:23
BRF:0
BRH:0
end_of_record
TN:
SF:controllers\PaymentController.js
FN:5,(anonymous_0)
FN:45,(anonymous_1)
FN:53,(anonymous_2)
FNF:3
FNH:2
FNDA:2,(anonymous_0)
FNDA:1,(anonymous_1)
FNDA:0,(anonymous_2)
DA:1,7
DA:2,7
DA:10,2
DA:12,2
DA:13,2
DA:17,1
DA:18,1
DA:19,6
DA:23,1
DA:29,1
DA:44,1
DA:47,1
DA:48,1
DA:50,1
DA:54,0
DA:57,1
DA:70,7
LF:17
LH:16
BRF:0
BRH:0
end_of_record
TN:
SF:controllers\UserContentsController.js
FN:5,(anonymous_0)
FN:17,(anonymous_1)
FN:34,(anonymous_2)
FN:62,(anonymous_3)
FN:108,(anonymous_4)
FN:166,(anonymous_5)
FN:254,(anonymous_6)
FNF:7
FNH:7
FNDA:5,(anonymous_0)
FNDA:9,(anonymous_1)
FNDA:2,(anonymous_2)
FNDA:2,(anonymous_3)
FNDA:6,(anonymous_4)
FNDA:9,(anonymous_5)
FNDA:1,(anonymous_6)
DA:1,7
DA:2,7
DA:6,5
DA:8,5
DA:9,5
DA:11,5
DA:17,9
DA:18,0
DA:20,5
DA:27,3
DA:30,2
DA:35,2
DA:36,2
DA:56,1
DA:58,1
DA:63,2
DA:64,2
DA:65,2
DA:66,2
DA:102,1
DA:104,1
DA:109,6
DA:110,6
DA:111,6
DA:113,6
DA:119,6
DA:121,5
DA:129,5
DA:131,5
DA:144,5
DA:151,5
DA:160,5
DA:161,2
DA:162,2
DA:164,3
DA:165,3
DA:166,9
DA:169,0
DA:170,0
DA:171,0
DA:173,3
DA:175,3
DA:181,3
DA:186,3
DA:187,1
DA:188,1
DA:190,2
DA:192,1
DA:205,1
DA:215,1
DA:216,1
DA:218,1
DA:230,1
DA:231,1
DA:241,1
DA:242,1
DA:248,5
DA:250,1
DA:255,1
DA:256,1
DA:257,1
DA:259,1
DA:266,1
DA:267,1
DA:269,1
DA:270,0
DA:281,0
DA:283,1
DA:294,1
DA:297,0
DA:302,7
LF:71
LH:64
BRDA:9,0,0,5
BRDA:9,1,0,5
BRDA:17,2,0,0
BRDA:17,2,1,5
BRDA:119,3,0,1
BRDA:119,3,1,5
BRDA:160,4,0,2
BRDA:160,4,1,3
BRDA:165,5,0,0
BRDA:165,5,1,3
BRDA:186,6,0,1
BRDA:186,6,1,2
BRDA:190,7,0,1
BRDA:190,7,1,1
BRDA:266,8,0,0
BRDA:266,8,1,1
BRDA:269,9,0,0
BRDA:269,9,1,1
BRF:18
BRH:14
end_of_record
TN:
SF:controllers\contentController.js
FN:4,(anonymous_0)
FN:21,(anonymous_1)
FN:43,(anonymous_2)
FN:62,(anonymous_3)
FN:95,(anonymous_4)
FN:113,(anonymous_5)
FNF:6
FNH:6
FNDA:2,(anonymous_0)
FNDA:3,(anonymous_1)
FNDA:2,(anonymous_2)
FNDA:3,(anonymous_3)
FNDA:2,(anonymous_4)
FNDA:4,(anonymous_5)
DA:1,7
DA:4,7
DA:5,2
DA:6,2
DA:15,1
DA:17,1
DA:21,7
DA:22,3
DA:23,3
DA:24,3
DA:33,2
DA:34,1
DA:36,1
DA:39,2
DA:43,7
DA:44,2
DA:45,2
DA:46,2
DA:56,1
DA:58,1
DA:62,7
DA:63,3
DA:65,3
DA:74,3
DA:76,3
DA:77,3
DA:78,1
DA:81,2
DA:89,1
DA:91,2
DA:95,7
DA:96,2
DA:97,2
DA:98,2
DA:99,2
DA:100,1
DA:102,1
DA:105,1
DA:107,1
DA:113,7
DA:114,4
DA:116,4
DA:117,4
DA:119,4
DA:121,4
DA:122,1
DA:125,3
DA:132,2
DA:133,1
DA:134,1
DA:143,1
DA:144,1
DA:153,2
DA:154,2
DA:156,2
DA:161,7
LF:56
LH:56
BRDA:33,0,0,1
BRDA:33,0,1,1
BRDA:77,1,0,1
BRDA:77,1,1,2
BRDA:99,2,0,1
BRDA:99,2,1,1
BRDA:121,3,0,1
BRDA:121,3,1,3
BRDA:132,4,0,1
BRDA:132,4,1,1
BRF:10
BRH:10
end_of_record
TN:
SF:controllers\userController.js
FN:7,(anonymous_0)
FN:46,(anonymous_1)
FN:65,(anonymous_2)
FN:99,(anonymous_3)
FN:112,(anonymous_4)
FN:143,(anonymous_5)
FN:153,(anonymous_6)
FN:164,(anonymous_7)
FNF:8
FNH:7
FNDA:8,(anonymous_0)
FNDA:0,(anonymous_1)
FNDA:11,(anonymous_2)
FNDA:2,(anonymous_3)
FNDA:2,(anonymous_4)
FNDA:2,(anonymous_5)
FNDA:2,(anonymous_6)
FNDA:2,(anonymous_7)
DA:1,7
DA:2,7
DA:3,7
DA:4,7
DA:8,8
DA:9,8
DA:10,8
DA:11,8
DA:12,48
DA:15,8
DA:25,8
DA:26,8
DA:34,8
DA:46,8
DA:48,8
DA:49,8
DA:50,1
DA:51,1
DA:61,7
DA:66,11
DA:67,11
DA:68,11
DA:69,9
DA:71,9
DA:72,2
DA:74,7
DA:75,7
DA:83,7
DA:85,7
DA:86,7
DA:87,7
DA:88,7
DA:89,7
DA:95,4
DA:100,2
DA:101,2
DA:106,1
DA:108,1
DA:113,2
DA:114,2
DA:116,2
DA:121,2
DA:124,1
DA:137,1
DA:139,1
DA:144,2
DA:145,2
DA:147,1
DA:149,1
DA:154,2
DA:155,2
DA:157,1
DA:158,1
DA:160,1
DA:165,2
DA:166,2
DA:167,2
DA:171,1
DA:173,1
DA:178,7
LF:60
LH:60
BRDA:68,0,0,2
BRDA:68,0,1,9
BRDA:68,1,0,11
BRDA:68,1,1,10
BRDA:71,2,0,2
BRDA:71,2,1,7
BRDA:71,3,0,9
BRDA:71,3,1,8
BRDA:74,4,0,0
BRDA:74,4,1,7
BRDA:86,5,0,7
BRDA:86,5,1,0
BRDA:87,6,0,0
BRDA:87,6,1,7
BRDA:121,7,0,1
BRDA:121,7,1,1
BRF:16
BRH:13
end_of_record
TN:
SF:controllers\userProfilesController.js
FN:6,(anonymous_0)
FN:151,(anonymous_1)
FN:173,(anonymous_2)
FNF:3
FNH:3
FNDA:8,(anonymous_0)
FNDA:1,(anonymous_1)
FNDA:3,(anonymous_2)
DA:1,7
DA:2,7
DA:3,7
DA:7,8
DA:8,8
DA:9,8
DA:18,8
DA:20,8
DA:31,8
DA:40,2
DA:42,6
DA:44,6
DA:45,6
DA:46,6
DA:47,6
DA:49,6
DA:50,6
DA:51,6
DA:53,6
DA:54,6
DA:64,6
DA:65,6
DA:70,1
DA:71,5
DA:75,1
DA:77,4
DA:80,6
DA:92,6
DA:109,6
DA:121,6
DA:133,6
DA:135,6
DA:141,6
DA:145,2
DA:146,2
DA:152,1
DA:153,1
DA:154,1
DA:165,1
DA:169,0
DA:174,3
DA:175,3
DA:176,3
DA:177,3
DA:191,2
DA:198,1
DA:203,2
DA:208,7
LF:48
LH:47
BRDA:31,0,0,2
BRDA:31,0,1,6
BRDA:32,1,0,8
BRDA:32,1,1,6
BRDA:32,1,2,6
BRDA:32,1,3,6
BRDA:32,1,4,6
BRDA:32,1,5,6
BRDA:32,1,6,6
BRDA:65,2,0,1
BRDA:65,2,1,5
BRDA:66,3,0,6
BRDA:66,3,1,6
BRDA:66,3,2,6
BRDA:71,4,0,1
BRDA:71,4,1,4
BRDA:72,5,0,5
BRDA:72,5,1,4
BRF:18
BRH:18
end_of_record
TN:
SF:helpers\bcrypt.js
FN:3,hash
FN:8,compare
FNF:2
FNH:2
FNDA:9,hash
FNDA:8,compare
DA:1,7
DA:4,9
DA:5,9
DA:9,8
DA:12,7
LF:5
LH:5
BRF:0
BRH:0
end_of_record
TN:
SF:helpers\jwt.js
FN:3,sign
FN:7,verify
FNF:2
FNH:2
FNDA:8,sign
FNDA:68,verify
DA:1,7
DA:4,8
DA:8,68
DA:11,7
LF:4
LH:4
BRF:0
BRH:0
end_of_record
TN:
SF:middlewares\authenticate.js
FN:4,(anonymous_0)
FNF:1
FNH:1
FNDA:68,(anonymous_0)
DA:1,7
DA:2,7
DA:4,7
DA:5,68
DA:6,68
DA:7,68
DA:8,68
DA:9,52
DA:10,0
DA:12,52
DA:16,52
DA:18,16
DA:22,7
LF:13
LH:12
BRDA:9,0,0,0
BRDA:9,0,1,52
BRF:2
BRH:1
end_of_record
TN:
SF:middlewares\errorHandler.js
FN:1,(anonymous_0)
FN:6,(anonymous_1)
FNF:2
FNH:2
FNDA:53,(anonymous_0)
FNDA:21,(anonymous_1)
DA:1,7
DA:3,53
DA:6,21
DA:7,11
DA:9,0
DA:10,0
DA:12,2
DA:13,2
DA:15,2
DA:16,2
DA:18,16
DA:19,16
DA:21,1
DA:22,1
DA:24,5
DA:25,5
DA:27,2
DA:28,2
DA:30,0
DA:31,0
DA:33,14
DA:34,14
DA:38,7
LF:23
LH:19
BRDA:3,0,0,10
BRDA:3,0,1,11
BRDA:3,0,2,0
BRDA:3,0,3,2
BRDA:3,0,4,2
BRDA:3,0,5,16
BRDA:3,0,6,1
BRDA:3,0,7,5
BRDA:3,0,8,2
BRDA:3,0,9,0
BRDA:3,0,10,14
BRF:11
BRH:9
end_of_record
TN:
SF:models\coach.js
FN:3,(anonymous_0)
FN:10,(anonymous_1)
FNF:2
FNH:2
FNDA:7,(anonymous_0)
FNDA:7,(anonymous_1)
DA:2,7
DA:3,7
DA:14,7
DA:27,7
LF:4
LH:4
BRF:0
BRH:0
end_of_record
TN:
SF:models\content.js
FN:3,(anonymous_0)
FN:10,(anonymous_1)
FNF:2
FNH:2
FNDA:7,(anonymous_0)
FNDA:7,(anonymous_1)
DA:2,7
DA:3,7
DA:12,7
DA:13,7
DA:16,7
DA:78,7
LF:6
LH:6
BRF:0
BRH:0
end_of_record
TN:
SF:models\index.js
FN:20,(anonymous_0)
FN:23,(anonymous_1)
FN:28,(anonymous_2)
FNF:3
FNH:3
FNDA:56,(anonymous_0)
FNDA:49,(anonymous_1)
FNDA:49,(anonymous_2)
DA:3,7
DA:4,7
DA:5,7
DA:6,7
DA:7,7
DA:8,7
DA:9,7
DA:12,7
DA:13,0
DA:15,7
DA:18,7
DA:21,56
DA:24,49
DA:25,49
DA:28,7
DA:29,49
DA:30,49
DA:34,7
DA:35,7
DA:37,7
LF:20
LH:19
BRDA:7,0,0,7
BRDA:7,0,1,0
BRDA:12,1,0,0
BRDA:12,1,1,7
BRDA:21,2,0,56
BRDA:21,2,1,56
BRDA:21,2,2,49
BRDA:29,3,0,49
BRDA:29,3,1,0
BRF:9
BRH:6
end_of_record
TN:
SF:models\level.js
FN:3,(anonymous_0)
FN:10,(anonymous_1)
FNF:2
FNH:2
FNDA:7,(anonymous_0)
FNDA:7,(anonymous_1)
DA:2,7
DA:3,7
DA:12,7
DA:13,7
DA:14,7
DA:17,7
DA:28,7
LF:7
LH:7
BRF:0
BRH:0
end_of_record
TN:
SF:models\log.js
FN:5,(anonymous_0)
FN:12,(anonymous_1)
FNF:2
FNH:2
FNDA:7,(anonymous_0)
FNDA:7,(anonymous_1)
DA:4,7
DA:5,7
DA:14,7
DA:15,7
DA:18,7
DA:67,7
LF:6
LH:6
BRF:0
BRH:0
end_of_record
TN:
SF:models\user.js
FN:4,(anonymous_0)
FN:11,(anonymous_1)
FN:77,(anonymous_2)
FNF:3
FNH:3
FNDA:7,(anonymous_0)
FNDA:7,(anonymous_1)
FNDA:9,(anonymous_2)
DA:2,7
DA:3,7
DA:4,7
DA:13,7
DA:14,7
DA:17,7
DA:78,9
DA:83,7
LF:8
LH:8
BRF:0
BRH:0
end_of_record
TN:
SF:models\usercontent.js
FN:3,(anonymous_0)
FN:10,(anonymous_1)
FNF:2
FNH:2
FNDA:7,(anonymous_0)
FNDA:7,(anonymous_1)
DA:2,7
DA:3,7
DA:12,7
DA:13,7
DA:16,7
DA:49,7
LF:6
LH:6
BRF:0
BRH:0
end_of_record
TN:
SF:models\userprofile.js
FN:3,(anonymous_0)
FN:10,(anonymous_1)
FNF:2
FNH:2
FNDA:7,(anonymous_0)
FNDA:7,(anonymous_1)
DA:2,7
DA:3,7
DA:12,7
DA:13,7
DA:16,7
DA:104,7
LF:6
LH:6
BRF:0
BRH:0
end_of_record
TN:
SF:routes\LogRouter.js
FNF:0
FNH:0
DA:1,7
DA:4,7
DA:6,7
DA:7,7
DA:9,7
LF:5
LH:5
BRF:0
BRH:0
end_of_record
TN:
SF:routes\PaymentRouter.js
FNF:0
FNH:0
DA:1,7
DA:3,7
DA:5,7
DA:7,7
LF:4
LH:4
BRF:0
BRH:0
end_of_record
TN:
SF:routes\UserContentRouter.js
FNF:0
FNH:0
DA:1,7
DA:2,7
DA:3,7
DA:5,7
DA:6,7
DA:7,7
DA:8,7
DA:9,7
DA:11,7
LF:9
LH:9
BRF:0
BRH:0
end_of_record
TN:
SF:routes\contentRouter.js
FNF:0
FNH:0
DA:1,7
DA:2,7
DA:3,7
DA:5,7
DA:6,7
DA:8,7
DA:9,7
DA:10,7
DA:11,7
DA:13,7
LF:10
LH:10
BRF:0
BRH:0
end_of_record
TN:
SF:routes\index.js
FNF:0
FNH:0
DA:1,7
DA:2,7
DA:4,7
DA:7,7
DA:8,7
DA:9,7
DA:10,7
DA:11,7
DA:12,7
DA:14,7
DA:15,7
DA:20,7
DA:25,7
DA:30,7
DA:35,7
DA:43,7
LF:16
LH:16
BRF:0
BRH:0
end_of_record
TN:
SF:routes\userProfileRouter.js
FNF:0
FNH:0
DA:1,7
DA:2,7
DA:4,7
DA:5,7
DA:6,7
DA:12,7
LF:6
LH:6
BRF:0
BRH:0
end_of_record
TN:
SF:routes\userRouter.js
FNF:0
FNH:0
DA:1,7
DA:2,7
DA:3,7
DA:5,7
DA:6,7
DA:7,7
DA:8,7
DA:9,7
DA:10,7
DA:12,7
DA:14,7
LF:11
LH:11
BRF:0
BRH:0
end_of_record
