TN:
SF:app.js
FNF:0
FNH:0
DA:1,7
DA:3,7
DA:4,7
DA:5,7
DA:8,7
DA:9,7
DA:10,7
DA:13,7
DA:14,7
DA:17,7
DA:18,7
DA:20,7
LF:12
LH:12
BRF:0
BRH:0
end_of_record
TN:
SF:controllers\LogController.js
FN:5,(anonymous_0)
FN:49,(anonymous_1)
FNF:2
FNH:2
FNDA:2,(anonymous_0)
FNDA:2,(anonymous_1)
DA:1,7
DA:2,7
DA:6,2
DA:7,2
DA:8,2
DA:9,2
DA:10,2
DA:11,2
DA:13,2
DA:24,1
DA:35,1
DA:43,1
DA:45,1
DA:50,2
DA:51,2
DA:53,2
DA:60,1
DA:62,1
DA:67,7
LF:19
LH:19
BRF:0
BRH:0
end_of_record
TN:
SF:controllers\PaymentController.js
FN:5,(anonymous_0)
FN:44,(anonymous_1)
FN:51,(anonymous_2)
FN:59,(anonymous_3)
FNF:4
FNH:3
FNDA:2,(anonymous_0)
FNDA:1,(anonymous_1)
FNDA:0,(anonymous_2)
FNDA:1,(anonymous_3)
DA:1,7
DA:2,7
DA:6,2
DA:8,2
DA:9,2
DA:15,1
DA:16,1
DA:17,6
DA:21,1
DA:27,1
DA:42,1
DA:46,1
DA:47,1
DA:52,0
DA:55,1
DA:60,1
DA:61,1
DA:63,1
DA:75,1
DA:77,0
DA:82,7
LF:21
LH:19
BRF:0
BRH:0
end_of_record
TN:
SF:controllers\UserContentsController.js
FN:5,(anonymous_0)
FN:16,(anonymous_1)
FN:33,(anonymous_2)
FN:61,(anonymous_3)
FN:96,(anonymous_4)
FN:152,(anonymous_5)
FN:237,(anonymous_6)
FNF:7
FNH:7
FNDA:6,(anonymous_0)
FNDA:11,(anonymous_1)
FNDA:2,(anonymous_2)
FNDA:2,(anonymous_3)
FNDA:7,(anonymous_4)
FNDA:12,(anonymous_5)
FNDA:2,(anonymous_6)
DA:1,7
DA:2,7
DA:6,6
DA:7,6
DA:8,6
DA:10,6
DA:16,11
DA:17,1
DA:19,5
DA:26,3
DA:29,2
DA:34,2
DA:35,2
DA:55,1
DA:57,1
DA:62,2
DA:63,2
DA:64,2
DA:66,2
DA:90,1
DA:92,1
DA:97,7
DA:98,7
DA:99,7
DA:101,7
DA:107,7
DA:109,6
DA:116,6
DA:118,6
DA:131,6
DA:138,6
DA:147,6
DA:148,2
DA:149,2
DA:151,4
DA:152,12
DA:155,0
DA:156,0
DA:159,4
DA:165,4
DA:170,4
DA:171,2
DA:172,2
DA:174,2
DA:176,1
DA:189,1
DA:199,1
DA:200,1
DA:202,1
DA:214,1
DA:224,1
DA:225,1
DA:231,6
DA:233,1
DA:238,2
DA:239,2
DA:240,2
DA:242,2
DA:249,2
DA:251,1
DA:252,0
DA:263,0
DA:265,1
DA:276,1
DA:279,1
DA:284,7
LF:66
LH:62
BRDA:8,0,0,6
BRDA:8,1,0,6
BRDA:16,2,0,1
BRDA:16,2,1,5
BRDA:107,3,0,1
BRDA:107,3,1,6
BRDA:147,4,0,2
BRDA:147,4,1,4
BRDA:151,5,0,0
BRDA:151,5,1,4
BRDA:170,6,0,2
BRDA:170,6,1,2
BRDA:174,7,0,1
BRDA:174,7,1,1
BRDA:249,8,0,1
BRDA:249,8,1,1
BRDA:251,9,0,0
BRDA:251,9,1,1
BRF:18
BRH:16
end_of_record
TN:
SF:controllers\contentController.js
FN:3,(anonymous_0)
FN:20,(anonymous_1)
FN:40,(anonymous_2)
FN:67,(anonymous_3)
FN:107,(anonymous_4)
FN:123,(anonymous_5)
FNF:6
FNH:6
FNDA:2,(anonymous_0)
FNDA:3,(anonymous_1)
FNDA:2,(anonymous_2)
FNDA:3,(anonymous_3)
FNDA:2,(anonymous_4)
FNDA:4,(anonymous_5)
DA:1,7
DA:3,7
DA:4,2
DA:5,2
DA:14,1
DA:16,1
DA:20,7
DA:21,3
DA:22,3
DA:23,3
DA:31,2
DA:32,2
DA:34,0
DA:36,3
DA:40,7
DA:41,2
DA:50,2
DA:51,2
DA:61,1
DA:63,1
DA:67,7
DA:68,3
DA:69,3
DA:78,3
DA:80,3
DA:81,3
DA:82,3
DA:85,0
DA:101,0
DA:103,3
DA:107,7
DA:108,2
DA:109,2
DA:110,2
DA:111,2
DA:112,2
DA:114,0
DA:117,0
DA:119,2
DA:123,7
DA:124,4
DA:125,4
DA:126,4
DA:128,4
DA:130,4
DA:131,4
DA:134,0
DA:143,0
DA:144,0
DA:145,0
DA:155,0
DA:156,0
DA:166,0
DA:168,4
DA:172,7
LF:55
LH:43
BRDA:31,0,0,2
BRDA:31,0,1,0
BRDA:81,1,0,3
BRDA:81,1,1,0
BRDA:111,2,0,2
BRDA:111,2,1,0
BRDA:130,3,0,4
BRDA:130,3,1,0
BRDA:143,4,0,0
BRDA:143,4,1,0
BRF:10
BRH:4
end_of_record
TN:
SF:controllers\userController.js
FN:7,(anonymous_0)
FN:45,(anonymous_1)
FN:69,(anonymous_2)
FN:103,(anonymous_3)
FN:116,(anonymous_4)
FN:147,(anonymous_5)
FN:157,(anonymous_6)
FN:166,(anonymous_7)
FNF:8
FNH:7
FNDA:8,(anonymous_0)
FNDA:0,(anonymous_1)
FNDA:11,(anonymous_2)
FNDA:2,(anonymous_3)
FNDA:2,(anonymous_4)
FNDA:2,(anonymous_5)
FNDA:2,(anonymous_6)
FNDA:2,(anonymous_7)
DA:1,7
DA:2,7
DA:3,7
DA:4,7
DA:8,8
DA:10,8
DA:11,8
DA:12,48
DA:15,8
DA:25,8
DA:33,8
DA:45,8
DA:52,8
DA:53,8
DA:55,1
DA:65,7
DA:70,11
DA:71,11
DA:72,11
DA:73,9
DA:75,9
DA:76,2
DA:78,7
DA:79,7
DA:87,7
DA:89,7
DA:90,7
DA:91,7
DA:93,7
DA:99,4
DA:104,2
DA:105,2
DA:110,1
DA:112,1
DA:117,2
DA:118,2
DA:120,2
DA:125,2
DA:128,1
DA:141,1
DA:143,1
DA:148,2
DA:149,2
DA:151,1
DA:153,1
DA:158,2
DA:159,2
DA:160,1
DA:162,1
DA:167,2
DA:168,2
DA:169,2
DA:173,1
DA:175,1
DA:180,7
LF:55
LH:55
BRDA:72,0,0,2
BRDA:72,0,1,9
BRDA:72,1,0,11
BRDA:72,1,1,10
BRDA:75,2,0,2
BRDA:75,2,1,7
BRDA:75,3,0,9
BRDA:75,3,1,8
BRDA:78,4,0,0
BRDA:78,4,1,7
BRDA:90,5,0,5
BRDA:90,5,1,2
BRDA:91,6,0,2
BRDA:91,6,1,5
BRDA:125,7,0,1
BRDA:125,7,1,1
BRF:16
BRH:15
end_of_record
TN:
SF:controllers\userProfilesController.js
FN:6,(anonymous_0)
FN:127,(anonymous_1)
FN:149,(anonymous_2)
FNF:3
FNH:3
FNDA:8,(anonymous_0)
FNDA:1,(anonymous_1)
FNDA:3,(anonymous_2)
DA:1,7
DA:2,7
DA:3,7
DA:7,8
DA:8,8
DA:9,8
DA:18,8
DA:20,8
DA:29,2
DA:31,6
DA:33,6
DA:34,6
DA:35,6
DA:36,6
DA:38,6
DA:39,6
DA:40,6
DA:42,6
DA:53,6
DA:58,1
DA:59,5
DA:63,1
DA:65,4
DA:68,6
DA:85,6
DA:97,6
DA:109,6
DA:111,6
DA:117,6
DA:121,2
DA:122,2
DA:128,1
DA:129,1
DA:130,1
DA:141,1
DA:145,0
DA:150,3
DA:151,3
DA:153,3
DA:167,2
DA:174,1
DA:179,2
DA:184,7
LF:43
LH:42
BRDA:20,0,0,2
BRDA:20,0,1,6
BRDA:21,1,0,8
BRDA:21,1,1,6
BRDA:21,1,2,6
BRDA:21,1,3,6
BRDA:21,1,4,6
BRDA:21,1,5,6
BRDA:21,1,6,6
BRDA:53,2,0,1
BRDA:53,2,1,5
BRDA:54,3,0,6
BRDA:54,3,1,6
BRDA:54,3,2,6
BRDA:59,4,0,1
BRDA:59,4,1,4
BRDA:60,5,0,5
BRDA:60,5,1,4
BRF:18
BRH:18
end_of_record
TN:
SF:helpers\bcrypt.js
FN:3,hash
FN:8,compare
FNF:2
FNH:2
FNDA:9,hash
FNDA:8,compare
DA:1,7
DA:4,9
DA:5,9
DA:9,8
DA:12,7
LF:5
LH:5
BRF:0
BRH:0
end_of_record
TN:
SF:helpers\jwt.js
FN:3,sign
FN:7,verify
FNF:2
FNH:2
FNDA:8,sign
FNDA:74,verify
DA:1,7
DA:4,8
DA:8,74
DA:11,7
LF:4
LH:4
BRF:0
BRH:0
end_of_record
TN:
SF:middlewares\authenticate.js
FN:4,(anonymous_0)
FNF:1
FNH:1
FNDA:74,(anonymous_0)
DA:1,7
DA:2,7
DA:4,7
DA:5,74
DA:6,74
DA:7,74
DA:9,56
DA:10,0
DA:12,56
DA:16,56
DA:18,18
DA:22,7
LF:12
LH:11
BRDA:9,0,0,0
BRDA:9,0,1,56
BRF:2
BRH:1
end_of_record
TN:
SF:middlewares\errorHandler.js
FN:1,(anonymous_0)
FN:6,(anonymous_1)
FNF:2
FNH:2
FNDA:61,(anonymous_0)
FNDA:14,(anonymous_1)
DA:1,7
DA:3,61
DA:6,14
DA:7,9
DA:9,0
DA:10,0
DA:12,2
DA:13,2
DA:15,2
DA:16,2
DA:18,18
DA:19,18
DA:21,0
DA:22,0
DA:24,13
DA:25,13
DA:27,2
DA:28,2
DA:30,0
DA:31,0
DA:33,1
DA:35,15
DA:36,14
DA:40,7
LF:24
LH:18
BRDA:3,0,0,8
BRDA:3,0,1,9
BRDA:3,0,2,0
BRDA:3,0,3,2
BRDA:3,0,4,2
BRDA:3,0,5,18
BRDA:3,0,6,0
BRDA:3,0,7,13
BRDA:3,0,8,2
BRDA:3,0,9,0
BRDA:3,0,10,1
BRDA:3,0,11,15
BRF:12
BRH:9
end_of_record
TN:
SF:models\coach.js
FN:3,(anonymous_0)
FN:10,(anonymous_1)
FNF:2
FNH:2
FNDA:7,(anonymous_0)
FNDA:7,(anonymous_1)
DA:2,7
DA:3,7
DA:14,7
DA:27,7
LF:4
LH:4
BRF:0
BRH:0
end_of_record
TN:
SF:models\content.js
FN:3,(anonymous_0)
FN:10,(anonymous_1)
FNF:2
FNH:2
FNDA:7,(anonymous_0)
FNDA:7,(anonymous_1)
DA:2,7
DA:3,7
DA:12,7
DA:13,7
DA:16,7
DA:78,7
LF:6
LH:6
BRF:0
BRH:0
end_of_record
TN:
SF:models\index.js
FN:20,(anonymous_0)
FN:23,(anonymous_1)
FN:28,(anonymous_2)
FNF:3
FNH:3
FNDA:56,(anonymous_0)
FNDA:49,(anonymous_1)
FNDA:49,(anonymous_2)
DA:3,7
DA:4,7
DA:5,7
DA:6,7
DA:7,7
DA:8,7
DA:9,7
DA:12,7
DA:13,0
DA:15,7
DA:18,7
DA:21,56
DA:24,49
DA:25,49
DA:28,7
DA:29,49
DA:30,49
DA:34,7
DA:35,7
DA:37,7
LF:20
LH:19
BRDA:7,0,0,7
BRDA:7,0,1,0
BRDA:12,1,0,0
BRDA:12,1,1,7
BRDA:21,2,0,56
BRDA:21,2,1,56
BRDA:21,2,2,49
BRDA:29,3,0,49
BRDA:29,3,1,0
BRF:9
BRH:6
end_of_record
TN:
SF:models\level.js
FN:3,(anonymous_0)
FN:10,(anonymous_1)
FNF:2
FNH:2
FNDA:7,(anonymous_0)
FNDA:7,(anonymous_1)
DA:2,7
DA:3,7
DA:12,7
DA:13,7
DA:14,7
DA:17,7
DA:28,7
LF:7
LH:7
BRF:0
BRH:0
end_of_record
TN:
SF:models\log.js
FN:5,(anonymous_0)
FN:12,(anonymous_1)
FNF:2
FNH:2
FNDA:7,(anonymous_0)
FNDA:7,(anonymous_1)
DA:4,7
DA:5,7
DA:14,7
DA:15,7
DA:18,7
DA:67,7
LF:6
LH:6
BRF:0
BRH:0
end_of_record
TN:
SF:models\user.js
FN:4,(anonymous_0)
FN:11,(anonymous_1)
FN:77,(anonymous_2)
FNF:3
FNH:3
FNDA:7,(anonymous_0)
FNDA:7,(anonymous_1)
FNDA:9,(anonymous_2)
DA:2,7
DA:3,7
DA:4,7
DA:13,7
DA:14,7
DA:17,7
DA:78,9
DA:83,7
LF:8
LH:8
BRF:0
BRH:0
end_of_record
TN:
SF:models\usercontent.js
FN:3,(anonymous_0)
FN:10,(anonymous_1)
FNF:2
FNH:2
FNDA:7,(anonymous_0)
FNDA:7,(anonymous_1)
DA:2,7
DA:3,7
DA:12,7
DA:13,7
DA:16,7
DA:49,7
LF:6
LH:6
BRF:0
BRH:0
end_of_record
TN:
SF:models\userprofile.js
FN:3,(anonymous_0)
FN:10,(anonymous_1)
FNF:2
FNH:2
FNDA:7,(anonymous_0)
FNDA:7,(anonymous_1)
DA:2,7
DA:3,7
DA:12,7
DA:13,7
DA:16,7
DA:104,7
LF:6
LH:6
BRF:0
BRH:0
end_of_record
TN:
SF:routes\LogRouter.js
FNF:0
FNH:0
DA:1,7
DA:4,7
DA:6,7
DA:7,7
DA:9,7
LF:5
LH:5
BRF:0
BRH:0
end_of_record
TN:
SF:routes\PaymentRouter.js
FNF:0
FNH:0
DA:1,7
DA:3,7
DA:5,7
DA:6,7
DA:8,7
LF:5
LH:5
BRF:0
BRH:0
end_of_record
TN:
SF:routes\UserContentRouter.js
FNF:0
FNH:0
DA:1,7
DA:2,7
DA:3,7
DA:5,7
DA:6,7
DA:7,7
DA:8,7
DA:9,7
DA:11,7
LF:9
LH:9
BRF:0
BRH:0
end_of_record
TN:
SF:routes\contentRouter.js
FNF:0
FNH:0
DA:1,7
DA:2,7
DA:3,7
DA:5,7
DA:6,7
DA:8,7
DA:9,7
DA:10,7
DA:11,7
DA:13,7
LF:10
LH:10
BRF:0
BRH:0
end_of_record
TN:
SF:routes\index.js
FNF:0
FNH:0
DA:1,7
DA:2,7
DA:4,7
DA:7,7
DA:8,7
DA:9,7
DA:10,7
DA:11,7
DA:12,7
DA:14,7
DA:15,7
DA:20,7
DA:25,7
DA:30,7
DA:35,7
DA:42,7
LF:16
LH:16
BRF:0
BRH:0
end_of_record
TN:
SF:routes\userProfileRouter.js
FNF:0
FNH:0
DA:1,7
DA:2,7
DA:4,7
DA:5,7
DA:6,7
DA:12,7
LF:6
LH:6
BRF:0
BRH:0
end_of_record
TN:
SF:routes\userRouter.js
FNF:0
FNH:0
DA:1,7
DA:2,7
DA:3,7
DA:5,7
DA:6,7
DA:7,7
DA:8,7
DA:9,7
DA:10,7
DA:12,7
DA:14,7
LF:11
LH:11
BRF:0
BRH:0
end_of_record
